<?xml version="1.0" encoding="UTF-8"?>
<testsuite name="my.lib.serenity.primefaces.sars.features.creditManagement.CreditManagementTest46Feature" time="7.315" tests="110" errors="0" skipped="0" failures="0">
  <properties>
    <property name="java.runtime.name" value="Java(TM) SE Runtime Environment"/>
    <property name="sun.boot.library.path" value="/usr/lib/jvm/java-8-oracle/jre/lib/amd64"/>
    <property name="java.vm.version" value="25.66-b17"/>
    <property name="java.vm.vendor" value="Oracle Corporation"/>
    <property name="maven.multiModuleProjectDirectory" value="/home/ngoc/Working/Project/serenity-primefaces"/>
    <property name="java.vendor.url" value="http://java.oracle.com/"/>
    <property name="path.separator" value=":"/>
    <property name="guice.disable.misplaced.annotation.check" value="true"/>
    <property name="java.vm.name" value="Java HotSpot(TM) 64-Bit Server VM"/>
    <property name="file.encoding.pkg" value="sun.io"/>
    <property name="user.country" value="US"/>
    <property name="sun.java.launcher" value="SUN_STANDARD"/>
    <property name="sun.os.patch.level" value="unknown"/>
    <property name="java.vm.specification.name" value="Java Virtual Machine Specification"/>
    <property name="user.dir" value="/home/ngoc/Working/Project/serenity-primefaces"/>
    <property name="java.runtime.version" value="1.8.0_66-b17"/>
    <property name="java.awt.graphicsenv" value="sun.awt.X11GraphicsEnvironment"/>
    <property name="java.endorsed.dirs" value="/usr/lib/jvm/java-8-oracle/jre/lib/endorsed"/>
    <property name="os.arch" value="amd64"/>
    <property name="java.io.tmpdir" value="/tmp"/>
    <property name="line.separator" value="&#10;"/>
    <property name="java.vm.specification.vendor" value="Oracle Corporation"/>
    <property name="os.name" value="Linux"/>
    <property name="classworlds.conf" value="/usr/share/maven3/bin/m2.conf"/>
    <property name="sun.jnu.encoding" value="UTF-8"/>
    <property name="java.library.path" value="/usr/java/packages/lib/amd64:/usr/lib64:/lib64:/lib:/usr/lib"/>
    <property name="java.specification.name" value="Java Platform API Specification"/>
    <property name="java.class.version" value="52.0"/>
    <property name="sun.management.compiler" value="HotSpot 64-Bit Tiered Compilers"/>
    <property name="os.version" value="3.19.0-42-generic"/>
    <property name="user.home" value="/home/ngoc"/>
    <property name="user.timezone" value="Asia/Ho_Chi_Minh"/>
    <property name="java.awt.printerjob" value="sun.print.PSPrinterJob"/>
    <property name="file.encoding" value="UTF-8"/>
    <property name="java.specification.version" value="1.8"/>
    <property name="user.name" value="ngoc"/>
    <property name="java.class.path" value="/usr/share/maven3/boot/plexus-classworlds-2.5.2.jar"/>
    <property name="java.vm.specification.version" value="1.8"/>
    <property name="sun.arch.data.model" value="64"/>
    <property name="java.home" value="/usr/lib/jvm/java-8-oracle/jre"/>
    <property name="sun.java.command" value="org.codehaus.plexus.classworlds.launcher.Launcher verify"/>
    <property name="java.specification.vendor" value="Oracle Corporation"/>
    <property name="user.language" value="en"/>
    <property name="awt.toolkit" value="sun.awt.X11.XToolkit"/>
    <property name="java.vm.info" value="mixed mode"/>
    <property name="java.version" value="1.8.0_66"/>
    <property name="java.ext.dirs" value="/usr/lib/jvm/java-8-oracle/jre/lib/ext:/usr/java/packages/lib/ext"/>
    <property name="securerandom.source" value="file:/dev/./urandom"/>
    <property name="sun.boot.class.path" value="/usr/lib/jvm/java-8-oracle/jre/lib/resources.jar:/usr/lib/jvm/java-8-oracle/jre/lib/rt.jar:/usr/lib/jvm/java-8-oracle/jre/lib/sunrsasign.jar:/usr/lib/jvm/java-8-oracle/jre/lib/jsse.jar:/usr/lib/jvm/java-8-oracle/jre/lib/jce.jar:/usr/lib/jvm/java-8-oracle/jre/lib/charsets.jar:/usr/lib/jvm/java-8-oracle/jre/lib/jfr.jar:/usr/lib/jvm/java-8-oracle/jre/classes"/>
    <property name="java.vendor" value="Oracle Corporation"/>
    <property name="maven.home" value="/usr/share/maven3"/>
    <property name="file.separator" value="/"/>
    <property name="java.vendor.url.bug" value="http://bugreport.sun.com/bugreport/"/>
    <property name="sun.cpu.endian" value="little"/>
    <property name="sun.io.unicode.encoding" value="UnicodeLittle"/>
    <property name="sun.desktop" value="gnome"/>
    <property name="sun.cpu.isalist" value=""/>
  </properties>
  <testcase name="When I open submenu Credit Management of menu Accounting" classname="| Credit Management | Accounting | A567 | 0 | back | 0 | Duplicate | Save draft | Cannot make new draft report because you could only have 1 draft report for this company once time. | 0 | Edit | Reject | Reject successful | Save successfully |" time="0"/>
  <testcase name="And I search customer by code A567" classname="| Credit Management | Accounting | A567 | 0 | back | 0 | Duplicate | Save draft | Cannot make new draft report because you could only have 1 draft report for this company once time. | 0 | Edit | Reject | Reject successful | Save successfully |" time="0"/>
  <testcase name="And I search customer by code A567" classname="| Credit Management | Accounting | A567 | 0 | back | 0 | Duplicate | Save draft | Cannot make new draft report because you could only have 1 draft report for this company once time. | 0 | Edit | Reject | Reject successful | Save successfully |" time="0"/>
  <testcase name="And I click checkbox left of a row 0 into table result" classname="| Credit Management | Accounting | A567 | 0 | back | 0 | Duplicate | Save draft | Cannot make new draft report because you could only have 1 draft report for this company once time. | 0 | Edit | Reject | Reject successful | Save successfully |" time="0"/>
  <testcase name="And I click checkbox left of a row 0 into table result" classname="| Credit Management | Accounting | A567 | 0 | back | 0 | Duplicate | Save draft | Cannot make new draft report because you could only have 1 draft report for this company once time. | 0 | Edit | Reject | Reject successful | Save successfully |" time="0"/>
  <testcase name="And In accounting screen, I click button select" classname="| Credit Management | Accounting | A567 | 0 | back | 0 | Duplicate | Save draft | Cannot make new draft report because you could only have 1 draft report for this company once time. | 0 | Edit | Reject | Reject successful | Save successfully |" time="0"/>
  <testcase name="And In accounting screen, I click button select" classname="| Credit Management | Accounting | A567 | 0 | back | 0 | Duplicate | Save draft | Cannot make new draft report because you could only have 1 draft report for this company once time. | 0 | Edit | Reject | Reject successful | Save successfully |" time="0"/>
  <testcase name="And In Credit Management page, I click record 0 in table Credit History in bottom with View enable" classname="| Credit Management | Accounting | A567 | 0 | back | 0 | Duplicate | Save draft | Cannot make new draft report because you could only have 1 draft report for this company once time. | 0 | Edit | Reject | Reject successful | Save successfully |" time="0"/>
  <testcase name="And In Credit Management page, I click record 0 in table Credit History in bottom with View enable" classname="| Credit Management | Accounting | A567 | 0 | back | 0 | Duplicate | Save draft | Cannot make new draft report because you could only have 1 draft report for this company once time. | 0 | Edit | Reject | Reject successful | Save successfully |" time="0"/>
  <testcase name="And In Credit Management page, I click record 0 in table Credit History in bottom with View enable" classname="| Credit Management | Accounting | A567 | 0 | back | 0 | Duplicate | Save draft | Cannot make new draft report because you could only have 1 draft report for this company once time. | 0 | Edit | Reject | Reject successful | Save successfully |" time="0"/>
  <testcase name="And In Credit Management page, I click button Duplicate" classname="| Credit Management | Accounting | A567 | 0 | back | 0 | Duplicate | Save draft | Cannot make new draft report because you could only have 1 draft report for this company once time. | 0 | Edit | Reject | Reject successful | Save successfully |" time="0"/>
  <testcase name="And In Credit Management page, I click button Duplicate" classname="| Credit Management | Accounting | A567 | 0 | back | 0 | Duplicate | Save draft | Cannot make new draft report because you could only have 1 draft report for this company once time. | 0 | Edit | Reject | Reject successful | Save successfully |" time="0"/>
  <testcase name="And In Credit Management page, I click button Duplicate" classname="| Credit Management | Accounting | A567 | 0 | back | 0 | Duplicate | Save draft | Cannot make new draft report because you could only have 1 draft report for this company once time. | 0 | Edit | Reject | Reject successful | Save successfully |" time="0"/>
  <testcase name="And In Credit Management page, I change survey date to next day of selected record" classname="| Credit Management | Accounting | A567 | 0 | back | 0 | Duplicate | Save draft | Cannot make new draft report because you could only have 1 draft report for this company once time. | 0 | Edit | Reject | Reject successful | Save successfully |" time="0"/>
  <testcase name="And In Credit Management page, I change survey date to next day of selected record" classname="| Credit Management | Accounting | A567 | 0 | back | 0 | Duplicate | Save draft | Cannot make new draft report because you could only have 1 draft report for this company once time. | 0 | Edit | Reject | Reject successful | Save successfully |" time="0"/>
  <testcase name="And In Credit Management page, I click button Save draft" classname="| Credit Management | Accounting | A567 | 0 | back | 0 | Duplicate | Save draft | Cannot make new draft report because you could only have 1 draft report for this company once time. | 0 | Edit | Reject | Reject successful | Save successfully |" time="0"/>
  <testcase name="And In Credit Management page, I click button Save draft" classname="| Credit Management | Accounting | A567 | 0 | back | 0 | Duplicate | Save draft | Cannot make new draft report because you could only have 1 draft report for this company once time. | 0 | Edit | Reject | Reject successful | Save successfully |" time="0"/>
  <testcase name="And In Credit Management page, I click button Save draft" classname="| Credit Management | Accounting | A567 | 0 | back | 0 | Duplicate | Save draft | Cannot make new draft report because you could only have 1 draft report for this company once time. | 0 | Edit | Reject | Reject successful | Save successfully |" time="0"/>
  <testcase name="And I open submenu Credit Management of menu Accounting" classname="| Credit Management | Accounting | A567 | 0 | back | 0 | Duplicate | Save draft | Cannot make new draft report because you could only have 1 draft report for this company once time. | 0 | Edit | Reject | Reject successful | Save successfully |" time="0"/>
  <testcase name="Then In Credit Management page, System show message Cannot make new draft report because you could only have 1 draft report for this company once time." classname="| Credit Management | Accounting | A567 | 0 | back | 0 | Duplicate | Save draft | Cannot make new draft report because you could only have 1 draft report for this company once time. | 0 | Edit | Reject | Reject successful | Save successfully |" time="0"/>
  <testcase name="When In Credit Management page, I click button back" classname="| Credit Management | Accounting | A567 | 0 | back | 0 | Duplicate | Save draft | Cannot make new draft report because you could only have 1 draft report for this company once time. | 0 | Edit | Reject | Reject successful | Save successfully |" time="0"/>
  <testcase name="And In Credit Management page, I click record 0 in table Credit History in bottom" classname="| Credit Management | Accounting | A567 | 0 | back | 0 | Duplicate | Save draft | Cannot make new draft report because you could only have 1 draft report for this company once time. | 0 | Edit | Reject | Reject successful | Save successfully |" time="0"/>
  <testcase name="And In Credit Management page, I click button Edit" classname="| Credit Management | Accounting | A567 | 0 | back | 0 | Duplicate | Save draft | Cannot make new draft report because you could only have 1 draft report for this company once time. | 0 | Edit | Reject | Reject successful | Save successfully |" time="0"/>
  <testcase name="And In Credit Management page, I click button Reject" classname="| Credit Management | Accounting | A567 | 0 | back | 0 | Duplicate | Save draft | Cannot make new draft report because you could only have 1 draft report for this company once time. | 0 | Edit | Reject | Reject successful | Save successfully |" time="0"/>
  <testcase name="And In Credit Management page, I confirm action" classname="| Credit Management | Accounting | A567 | 0 | back | 0 | Duplicate | Save draft | Cannot make new draft report because you could only have 1 draft report for this company once time. | 0 | Edit | Reject | Reject successful | Save successfully |" time="0"/>
  <testcase name="And In Credit Management page, System show message Reject successful" classname="| Credit Management | Accounting | A567 | 0 | back | 0 | Duplicate | Save draft | Cannot make new draft report because you could only have 1 draft report for this company once time. | 0 | Edit | Reject | Reject successful | Save successfully |" time="0"/>
  <testcase name="Then In Credit Management page, System show message Save successfully" classname="| Credit Management | Accounting | A567 | 0 | back | 0 | Duplicate | Save draft | Cannot make new draft report because you could only have 1 draft report for this company once time. | 0 | Edit | Reject | Reject successful | Save successfully |" time="0"/>
  <testcase name="| Credit Management | Accounting | A567 | 0 | back | 0 | Duplicate | Save draft | Cannot make new draft report because you could only have 1 draft report for this company once time. | 0 | Edit | Reject | Reject successful | Save successfully |" classname="| Credit Management | Accounting | A567 | 0 | back | 0 | Duplicate | Save draft | Cannot make new draft report because you could only have 1 draft report for this company once time. | 0 | Edit | Reject | Reject successful | Save successfully |" time="1.889"/>
  <testcase name="When I open submenu Credit Management of menu Accounting" classname="| Credit Management | Accounting | A567 | 0 | Back | Edit | 0 | 1 | View | Duplicate | Save draft |" time="0"/>
  <testcase name="And I search customer by code A567" classname="| Credit Management | Accounting | A567 | 0 | Back | Edit | 0 | 1 | View | Duplicate | Save draft |" time="0"/>
  <testcase name="And I search customer by code A567" classname="| Credit Management | Accounting | A567 | 0 | Back | Edit | 0 | 1 | View | Duplicate | Save draft |" time="0"/>
  <testcase name="And I click checkbox left of a row 0 into table result" classname="| Credit Management | Accounting | A567 | 0 | Back | Edit | 0 | 1 | View | Duplicate | Save draft |" time="0"/>
  <testcase name="And I click checkbox left of a row 0 into table result" classname="| Credit Management | Accounting | A567 | 0 | Back | Edit | 0 | 1 | View | Duplicate | Save draft |" time="0"/>
  <testcase name="And I click checkbox left of a row 0 into table result" classname="| Credit Management | Accounting | A567 | 0 | Back | Edit | 0 | 1 | View | Duplicate | Save draft |" time="0"/>
  <testcase name="And In accounting screen, I click button select" classname="| Credit Management | Accounting | A567 | 0 | Back | Edit | 0 | 1 | View | Duplicate | Save draft |" time="0"/>
  <testcase name="And In accounting screen, I click button select" classname="| Credit Management | Accounting | A567 | 0 | Back | Edit | 0 | 1 | View | Duplicate | Save draft |" time="0"/>
  <testcase name="And In accounting screen, I click button select" classname="| Credit Management | Accounting | A567 | 0 | Back | Edit | 0 | 1 | View | Duplicate | Save draft |" time="0"/>
  <testcase name="And In Credit Management page, I click button Back" classname="| Credit Management | Accounting | A567 | 0 | Back | Edit | 0 | 1 | View | Duplicate | Save draft |" time="0"/>
  <testcase name="And In Credit Management page, I click button Back" classname="| Credit Management | Accounting | A567 | 0 | Back | Edit | 0 | 1 | View | Duplicate | Save draft |" time="0"/>
  <testcase name="And In Credit Management page, I click button Back" classname="| Credit Management | Accounting | A567 | 0 | Back | Edit | 0 | 1 | View | Duplicate | Save draft |" time="0"/>
  <testcase name="And In Credit Management page, I click record 1 in table Credit History in bottom with View enable" classname="| Credit Management | Accounting | A567 | 0 | Back | Edit | 0 | 1 | View | Duplicate | Save draft |" time="0"/>
  <testcase name="And In Credit Management page, I click record 1 in table Credit History in bottom with View enable" classname="| Credit Management | Accounting | A567 | 0 | Back | Edit | 0 | 1 | View | Duplicate | Save draft |" time="0"/>
  <testcase name="And In Credit Management page, I click button Duplicate" classname="| Credit Management | Accounting | A567 | 0 | Back | Edit | 0 | 1 | View | Duplicate | Save draft |" time="0"/>
  <testcase name="And In Credit Management page, I click button Duplicate" classname="| Credit Management | Accounting | A567 | 0 | Back | Edit | 0 | 1 | View | Duplicate | Save draft |" time="0"/>
  <testcase name="And In Credit Management page, I change survey date to next day of selected record" classname="| Credit Management | Accounting | A567 | 0 | Back | Edit | 0 | 1 | View | Duplicate | Save draft |" time="0"/>
  <testcase name="And In Credit Management page, I click button Save draft" classname="| Credit Management | Accounting | A567 | 0 | Back | Edit | 0 | 1 | View | Duplicate | Save draft |" time="0"/>
  <testcase name="And I open submenu Credit Management of menu Accounting" classname="| Credit Management | Accounting | A567 | 0 | Back | Edit | 0 | 1 | View | Duplicate | Save draft |" time="0"/>
  <testcase name="And In Credit Management page, I click record 0 in table Credit History in bottom" classname="| Credit Management | Accounting | A567 | 0 | Back | Edit | 0 | 1 | View | Duplicate | Save draft |" time="0"/>
  <testcase name="And In Credit Management page, I click button Edit" classname="| Credit Management | Accounting | A567 | 0 | Back | Edit | 0 | 1 | View | Duplicate | Save draft |" time="0"/>
  <testcase name="Then In Credit Management page, System show list button can use" classname="| Credit Management | Accounting | A567 | 0 | Back | Edit | 0 | 1 | View | Duplicate | Save draft |" time="0"/>
  <testcase name="Then In Credit Management page, System show list button can use" classname="| Credit Management | Accounting | A567 | 0 | Back | Edit | 0 | 1 | View | Duplicate | Save draft |" time="0"/>
  <testcase name="Then In Credit Management page, System show list button can use" classname="| Credit Management | Accounting | A567 | 0 | Back | Edit | 0 | 1 | View | Duplicate | Save draft |" time="0"/>
  <testcase name="And In Credit Management page, fields can select" classname="| Credit Management | Accounting | A567 | 0 | Back | Edit | 0 | 1 | View | Duplicate | Save draft |" time="0"/>
  <testcase name="And In Credit Management page, fields can select" classname="| Credit Management | Accounting | A567 | 0 | Back | Edit | 0 | 1 | View | Duplicate | Save draft |" time="0"/>
  <testcase name="And In Credit Management page, autocomplete fields can input" classname="| Credit Management | Accounting | A567 | 0 | Back | Edit | 0 | 1 | View | Duplicate | Save draft |" time="0"/>
  <testcase name="And In Credit Management page, autocomplete fields can input" classname="| Credit Management | Accounting | A567 | 0 | Back | Edit | 0 | 1 | View | Duplicate | Save draft |" time="0"/>
  <testcase name="And In Credit Management page, System show list button can not use" classname="| Credit Management | Accounting | A567 | 0 | Back | Edit | 0 | 1 | View | Duplicate | Save draft |" time="0"/>
  <testcase name="And In Credit Management page, System show list button can not use" classname="| Credit Management | Accounting | A567 | 0 | Back | Edit | 0 | 1 | View | Duplicate | Save draft |" time="0"/>
  <testcase name="And In Credit Management page, System show list button can use" classname="| Credit Management | Accounting | A567 | 0 | Back | Edit | 0 | 1 | View | Duplicate | Save draft |" time="0"/>
  <testcase name="And In Credit Management page, System show list button can use" classname="| Credit Management | Accounting | A567 | 0 | Back | Edit | 0 | 1 | View | Duplicate | Save draft |" time="0"/>
  <testcase name="And In Credit Management page, fields required can input" classname="| Credit Management | Accounting | A567 | 0 | Back | Edit | 0 | 1 | View | Duplicate | Save draft |" time="0"/>
  <testcase name="And In Credit Management page, fields required can input" classname="| Credit Management | Accounting | A567 | 0 | Back | Edit | 0 | 1 | View | Duplicate | Save draft |" time="0"/>
  <testcase name="And In Credit Management page, textarea can input" classname="| Credit Management | Accounting | A567 | 0 | Back | Edit | 0 | 1 | View | Duplicate | Save draft |" time="0"/>
  <testcase name="And In Credit Management page, textarea can input" classname="| Credit Management | Accounting | A567 | 0 | Back | Edit | 0 | 1 | View | Duplicate | Save draft |" time="0"/>
  <testcase name="When In Credit Management page, I click button Back" classname="| Credit Management | Accounting | A567 | 0 | Back | Edit | 0 | 1 | View | Duplicate | Save draft |" time="0.001"/>
  <testcase name="And In Credit Management page, I click button View" classname="| Credit Management | Accounting | A567 | 0 | Back | Edit | 0 | 1 | View | Duplicate | Save draft |" time="0"/>
  <testcase name="And In Credit Management page, fields required can not input" classname="| Credit Management | Accounting | A567 | 0 | Back | Edit | 0 | 1 | View | Duplicate | Save draft |" time="0"/>
  <testcase name="And In Credit Management page, autocomplete fields can not input" classname="| Credit Management | Accounting | A567 | 0 | Back | Edit | 0 | 1 | View | Duplicate | Save draft |" time="0"/>
  <testcase name="And In Credit Management page, textarea can not input" classname="| Credit Management | Accounting | A567 | 0 | Back | Edit | 0 | 1 | View | Duplicate | Save draft |" time="0"/>
  <testcase name="And In Credit Management page, fields can not select" classname="| Credit Management | Accounting | A567 | 0 | Back | Edit | 0 | 1 | View | Duplicate | Save draft |" time="0"/>
  <testcase name="When In Credit Management page, I click record 1 in table Credit History in bottom with View enable" classname="| Credit Management | Accounting | A567 | 0 | Back | Edit | 0 | 1 | View | Duplicate | Save draft |" time="0"/>
  <testcase name="| Credit Management | Accounting | A567 | 0 | Back | Edit | 0 | 1 | View | Duplicate | Save draft |" classname="| Credit Management | Accounting | A567 | 0 | Back | Edit | 0 | 1 | View | Duplicate | Save draft |" time="1.746"/>
  <testcase name="When I open submenu Credit Management of menu Accounting" classname="| Credit Management | Accounting | A567 | 0 | Reset | 0 | Duplicate |" time="0"/>
  <testcase name="And I search customer by code A567" classname="| Credit Management | Accounting | A567 | 0 | Reset | 0 | Duplicate |" time="0"/>
  <testcase name="And I click checkbox left of a row 0 into table result" classname="| Credit Management | Accounting | A567 | 0 | Reset | 0 | Duplicate |" time="0"/>
  <testcase name="And In accounting screen, I click button select" classname="| Credit Management | Accounting | A567 | 0 | Reset | 0 | Duplicate |" time="0"/>
  <testcase name="And In Credit Management page, I click record 0 in table Credit History in bottom with View enable" classname="| Credit Management | Accounting | A567 | 0 | Reset | 0 | Duplicate |" time="0"/>
  <testcase name="And In Credit Management page, I click button Duplicate" classname="| Credit Management | Accounting | A567 | 0 | Reset | 0 | Duplicate |" time="0"/>
  <testcase name="And In Credit Management page, I click button Reset" classname="| Credit Management | Accounting | A567 | 0 | Reset | 0 | Duplicate |" time="0"/>
  <testcase name="And In Credit Management page, I confirm action" classname="| Credit Management | Accounting | A567 | 0 | Reset | 0 | Duplicate |" time="0"/>
  <testcase name="Then In Credit Management page, System show list button can use" classname="| Credit Management | Accounting | A567 | 0 | Reset | 0 | Duplicate |" time="0"/>
  <testcase name="And In Credit Management page, System show list button can not use" classname="| Credit Management | Accounting | A567 | 0 | Reset | 0 | Duplicate |" time="0"/>
  <testcase name="And In Credit Management page, verify page after reset" classname="| Credit Management | Accounting | A567 | 0 | Reset | 0 | Duplicate |" time="0"/>
  <testcase name="| Credit Management | Accounting | A567 | 0 | Reset | 0 | Duplicate |" classname="| Credit Management | Accounting | A567 | 0 | Reset | 0 | Duplicate |" time="1.926"/>
  <testcase name="When I open submenu Credit Management of menu Accounting" classname="| Credit Management | Accounting | A567 | 0 | Duplicate | Approve |" time="0"/>
  <testcase name="And I search customer by code A567" classname="| Credit Management | Accounting | A567 | 0 | Duplicate | Approve |" time="0"/>
  <testcase name="And I search customer by code A567" classname="| Credit Management | Accounting | A567 | 0 | Duplicate | Approve |" time="0"/>
  <testcase name="And I click checkbox left of a row 0 into table result" classname="| Credit Management | Accounting | A567 | 0 | Duplicate | Approve |" time="0"/>
  <testcase name="And I click checkbox left of a row 0 into table result" classname="| Credit Management | Accounting | A567 | 0 | Duplicate | Approve |" time="0"/>
  <testcase name="And In accounting screen, I click button select" classname="| Credit Management | Accounting | A567 | 0 | Duplicate | Approve |" time="0"/>
  <testcase name="And In accounting screen, I click button select" classname="| Credit Management | Accounting | A567 | 0 | Duplicate | Approve |" time="0"/>
  <testcase name="And In Credit Management page, I click record 0 in table Credit History in bottom with View enable" classname="| Credit Management | Accounting | A567 | 0 | Duplicate | Approve |" time="0"/>
  <testcase name="And In Credit Management page, I click record 0 in table Credit History in bottom with View enable" classname="| Credit Management | Accounting | A567 | 0 | Duplicate | Approve |" time="0"/>
  <testcase name="And In Credit Management page, I click button Duplicate" classname="| Credit Management | Accounting | A567 | 0 | Duplicate | Approve |" time="0"/>
  <testcase name="And In Credit Management page, I click button Duplicate" classname="| Credit Management | Accounting | A567 | 0 | Duplicate | Approve |" time="0"/>
  <testcase name="And In Credit Management page, I click button Approve" classname="| Credit Management | Accounting | A567 | 0 | Duplicate | Approve |" time="0"/>
  <testcase name="And In Credit Management page, I click button Approve" classname="| Credit Management | Accounting | A567 | 0 | Duplicate | Approve |" time="0"/>
  <testcase name="Then The system should show approve confirm dialog" classname="| Credit Management | Accounting | A567 | 0 | Duplicate | Approve |" time="0"/>
  <testcase name="When In Credit Management page, I decline action" classname="| Credit Management | Accounting | A567 | 0 | Duplicate | Approve |" time="0"/>
  <testcase name="Then In Credit Management page, System show list button can use" classname="| Credit Management | Accounting | A567 | 0 | Duplicate | Approve |" time="0"/>
  <testcase name="When In Credit Management page, I click button Approve" classname="| Credit Management | Accounting | A567 | 0 | Duplicate | Approve |" time="0"/>
  <testcase name="When In Credit Management page, I click button Approve" classname="| Credit Management | Accounting | A567 | 0 | Duplicate | Approve |" time="0"/>
  <testcase name="And In Credit Management page, I confirm action" classname="| Credit Management | Accounting | A567 | 0 | Duplicate | Approve |" time="0"/>
  <testcase name="And In Credit Management page, I confirm action" classname="| Credit Management | Accounting | A567 | 0 | Duplicate | Approve |" time="0"/>
  <testcase name="And In Credit Management page, I confirm action" classname="| Credit Management | Accounting | A567 | 0 | Duplicate | Approve |" time="0"/>
  <testcase name="And I open submenu Credit Management of menu Accounting" classname="| Credit Management | Accounting | A567 | 0 | Duplicate | Approve |" time="0"/>
  <testcase name="Then The system should show approve failure message because survey already existed" classname="| Credit Management | Accounting | A567 | 0 | Duplicate | Approve |" time="0"/>
  <testcase name="When In Credit Management page, I change survey date to next day of selected record" classname="| Credit Management | Accounting | A567 | 0 | Duplicate | Approve |" time="0"/>
  <testcase name="Then The system should show approve success message" classname="| Credit Management | Accounting | A567 | 0 | Duplicate | Approve |" time="0"/>
  <testcase name="| Credit Management | Accounting | A567 | 0 | Duplicate | Approve |" classname="| Credit Management | Accounting | A567 | 0 | Duplicate | Approve |" time="1.753"/>
</testsuite>