<?xml version="1.0" encoding="UTF-8"?>
<testsuite name="my.lib.serenity.primefaces.sars.features.creditManagement.CreditManagementAddEditFeature" time="6.958" tests="158" errors="0" skipped="0" failures="0">
  <properties>
    <property name="java.runtime.name" value="Java(TM) SE Runtime Environment"/>
    <property name="sun.boot.library.path" value="/usr/lib/jvm/java-8-oracle/jre/lib/amd64"/>
    <property name="java.vm.version" value="25.66-b17"/>
    <property name="java.vm.vendor" value="Oracle Corporation"/>
    <property name="maven.multiModuleProjectDirectory" value="/home/ngoc/Working/Project/serenity-primefaces"/>
    <property name="java.vendor.url" value="http://java.oracle.com/"/>
    <property name="path.separator" value=":"/>
    <property name="guice.disable.misplaced.annotation.check" value="true"/>
    <property name="java.vm.name" value="Java HotSpot(TM) 64-Bit Server VM"/>
    <property name="file.encoding.pkg" value="sun.io"/>
    <property name="user.country" value="US"/>
    <property name="sun.java.launcher" value="SUN_STANDARD"/>
    <property name="sun.os.patch.level" value="unknown"/>
    <property name="java.vm.specification.name" value="Java Virtual Machine Specification"/>
    <property name="user.dir" value="/home/ngoc/Working/Project/serenity-primefaces"/>
    <property name="java.runtime.version" value="1.8.0_66-b17"/>
    <property name="java.awt.graphicsenv" value="sun.awt.X11GraphicsEnvironment"/>
    <property name="java.endorsed.dirs" value="/usr/lib/jvm/java-8-oracle/jre/lib/endorsed"/>
    <property name="os.arch" value="amd64"/>
    <property name="java.io.tmpdir" value="/tmp"/>
    <property name="line.separator" value="&#10;"/>
    <property name="java.vm.specification.vendor" value="Oracle Corporation"/>
    <property name="os.name" value="Linux"/>
    <property name="classworlds.conf" value="/usr/share/maven3/bin/m2.conf"/>
    <property name="sun.jnu.encoding" value="UTF-8"/>
    <property name="java.library.path" value="/usr/java/packages/lib/amd64:/usr/lib64:/lib64:/lib:/usr/lib"/>
    <property name="java.specification.name" value="Java Platform API Specification"/>
    <property name="java.class.version" value="52.0"/>
    <property name="sun.management.compiler" value="HotSpot 64-Bit Tiered Compilers"/>
    <property name="os.version" value="3.19.0-42-generic"/>
    <property name="user.home" value="/home/ngoc"/>
    <property name="user.timezone" value="Asia/Ho_Chi_Minh"/>
    <property name="java.awt.printerjob" value="sun.print.PSPrinterJob"/>
    <property name="file.encoding" value="UTF-8"/>
    <property name="java.specification.version" value="1.8"/>
    <property name="user.name" value="ngoc"/>
    <property name="java.class.path" value="/usr/share/maven3/boot/plexus-classworlds-2.5.2.jar"/>
    <property name="java.vm.specification.version" value="1.8"/>
    <property name="sun.arch.data.model" value="64"/>
    <property name="java.home" value="/usr/lib/jvm/java-8-oracle/jre"/>
    <property name="sun.java.command" value="org.codehaus.plexus.classworlds.launcher.Launcher verify"/>
    <property name="java.specification.vendor" value="Oracle Corporation"/>
    <property name="user.language" value="en"/>
    <property name="awt.toolkit" value="sun.awt.X11.XToolkit"/>
    <property name="java.vm.info" value="mixed mode"/>
    <property name="java.version" value="1.8.0_66"/>
    <property name="java.ext.dirs" value="/usr/lib/jvm/java-8-oracle/jre/lib/ext:/usr/java/packages/lib/ext"/>
    <property name="securerandom.source" value="file:/dev/./urandom"/>
    <property name="sun.boot.class.path" value="/usr/lib/jvm/java-8-oracle/jre/lib/resources.jar:/usr/lib/jvm/java-8-oracle/jre/lib/rt.jar:/usr/lib/jvm/java-8-oracle/jre/lib/sunrsasign.jar:/usr/lib/jvm/java-8-oracle/jre/lib/jsse.jar:/usr/lib/jvm/java-8-oracle/jre/lib/jce.jar:/usr/lib/jvm/java-8-oracle/jre/lib/charsets.jar:/usr/lib/jvm/java-8-oracle/jre/lib/jfr.jar:/usr/lib/jvm/java-8-oracle/jre/classes"/>
    <property name="java.vendor" value="Oracle Corporation"/>
    <property name="maven.home" value="/usr/share/maven3"/>
    <property name="file.separator" value="/"/>
    <property name="java.vendor.url.bug" value="http://bugreport.sun.com/bugreport/"/>
    <property name="sun.cpu.endian" value="little"/>
    <property name="sun.io.unicode.encoding" value="UnicodeLittle"/>
    <property name="sun.desktop" value="gnome"/>
    <property name="sun.cpu.isalist" value=""/>
  </properties>
  <testcase name="And I open submenu Credit Management of menu Accounting" classname="| Credit Management | Accounting | a567 | 0 | name1,name2 | Provider | Generate in input customer data | 0 | New report | Back | Edit in input customer data | 0 | Delete in input customer data | Delete data successfully | less Than 1 | Input customer data | There are some duplicated items |" time="0"/>
  <testcase name="And I search customer by code a567" classname="| Credit Management | Accounting | a567 | 0 | name1,name2 | Provider | Generate in input customer data | 0 | New report | Back | Edit in input customer data | 0 | Delete in input customer data | Delete data successfully | less Than 1 | Input customer data | There are some duplicated items |" time="0"/>
  <testcase name="And I click checkbox left of a row 0 into table result" classname="| Credit Management | Accounting | a567 | 0 | name1,name2 | Provider | Generate in input customer data | 0 | New report | Back | Edit in input customer data | 0 | Delete in input customer data | Delete data successfully | less Than 1 | Input customer data | There are some duplicated items |" time="0"/>
  <testcase name="And In accounting screen, I click button select" classname="| Credit Management | Accounting | a567 | 0 | name1,name2 | Provider | Generate in input customer data | 0 | New report | Back | Edit in input customer data | 0 | Delete in input customer data | Delete data successfully | less Than 1 | Input customer data | There are some duplicated items |" time="0"/>
  <testcase name="And In Credit Management page, I click button New report" classname="| Credit Management | Accounting | a567 | 0 | name1,name2 | Provider | Generate in input customer data | 0 | New report | Back | Edit in input customer data | 0 | Delete in input customer data | Delete data successfully | less Than 1 | Input customer data | There are some duplicated items |" time="0"/>
  <testcase name="And In Credit Management page, I select tab have name is Input customer data" classname="| Credit Management | Accounting | a567 | 0 | name1,name2 | Provider | Generate in input customer data | 0 | New report | Back | Edit in input customer data | 0 | Delete in input customer data | Delete data successfully | less Than 1 | Input customer data | There are some duplicated items |" time="0"/>
  <testcase name="And In Credit Management page, I type name1,name2 in Input related company and choose type is Provider" classname="| Credit Management | Accounting | a567 | 0 | name1,name2 | Provider | Generate in input customer data | 0 | New report | Back | Edit in input customer data | 0 | Delete in input customer data | Delete data successfully | less Than 1 | Input customer data | There are some duplicated items |" time="0"/>
  <testcase name="And In Credit Management page, I type name1,name2 in Input related company and choose type is Provider" classname="| Credit Management | Accounting | a567 | 0 | name1,name2 | Provider | Generate in input customer data | 0 | New report | Back | Edit in input customer data | 0 | Delete in input customer data | Delete data successfully | less Than 1 | Input customer data | There are some duplicated items |" time="0"/>
  <testcase name="And In Credit Management page, System show list button can use" classname="| Credit Management | Accounting | a567 | 0 | name1,name2 | Provider | Generate in input customer data | 0 | New report | Back | Edit in input customer data | 0 | Delete in input customer data | Delete data successfully | less Than 1 | Input customer data | There are some duplicated items |" time="0"/>
  <testcase name="Then In Credit Management page, System show list button can not use" classname="| Credit Management | Accounting | a567 | 0 | name1,name2 | Provider | Generate in input customer data | 0 | New report | Back | Edit in input customer data | 0 | Delete in input customer data | Delete data successfully | less Than 1 | Input customer data | There are some duplicated items |" time="0"/>
  <testcase name="Then In Credit Management page, System show list button can not use" classname="| Credit Management | Accounting | a567 | 0 | name1,name2 | Provider | Generate in input customer data | 0 | New report | Back | Edit in input customer data | 0 | Delete in input customer data | Delete data successfully | less Than 1 | Input customer data | There are some duplicated items |" time="0"/>
  <testcase name="Then In Credit Management page, System show list button can not use" classname="| Credit Management | Accounting | a567 | 0 | name1,name2 | Provider | Generate in input customer data | 0 | New report | Back | Edit in input customer data | 0 | Delete in input customer data | Delete data successfully | less Than 1 | Input customer data | There are some duplicated items |" time="0"/>
  <testcase name="And In Credit Management page, I click button Generate in input customer data" classname="| Credit Management | Accounting | a567 | 0 | name1,name2 | Provider | Generate in input customer data | 0 | New report | Back | Edit in input customer data | 0 | Delete in input customer data | Delete data successfully | less Than 1 | Input customer data | There are some duplicated items |" time="0"/>
  <testcase name="And In Credit Management page, I click button Generate in input customer data" classname="| Credit Management | Accounting | a567 | 0 | name1,name2 | Provider | Generate in input customer data | 0 | New report | Back | Edit in input customer data | 0 | Delete in input customer data | Delete data successfully | less Than 1 | Input customer data | There are some duplicated items |" time="0"/>
  <testcase name="And In Credit Management page, I click button Generate in input customer data" classname="| Credit Management | Accounting | a567 | 0 | name1,name2 | Provider | Generate in input customer data | 0 | New report | Back | Edit in input customer data | 0 | Delete in input customer data | Delete data successfully | less Than 1 | Input customer data | There are some duplicated items |" time="0"/>
  <testcase name="And In Credit Management page, I click button Generate in input customer data" classname="| Credit Management | Accounting | a567 | 0 | name1,name2 | Provider | Generate in input customer data | 0 | New report | Back | Edit in input customer data | 0 | Delete in input customer data | Delete data successfully | less Than 1 | Input customer data | There are some duplicated items |" time="0"/>
  <testcase name="Then In Credit Management page, Table have data like name1,name2 and Provider" classname="| Credit Management | Accounting | a567 | 0 | name1,name2 | Provider | Generate in input customer data | 0 | New report | Back | Edit in input customer data | 0 | Delete in input customer data | Delete data successfully | less Than 1 | Input customer data | There are some duplicated items |" time="0"/>
  <testcase name="Then In Credit Management page, Table have data like name1,name2 and Provider" classname="| Credit Management | Accounting | a567 | 0 | name1,name2 | Provider | Generate in input customer data | 0 | New report | Back | Edit in input customer data | 0 | Delete in input customer data | Delete data successfully | less Than 1 | Input customer data | There are some duplicated items |" time="0"/>
  <testcase name="And In Credit Management page, I click record 0 in table Input Customer Data" classname="| Credit Management | Accounting | a567 | 0 | name1,name2 | Provider | Generate in input customer data | 0 | New report | Back | Edit in input customer data | 0 | Delete in input customer data | Delete data successfully | less Than 1 | Input customer data | There are some duplicated items |" time="0"/>
  <testcase name="Then In Credit Management page, System show list button can use" classname="| Credit Management | Accounting | a567 | 0 | name1,name2 | Provider | Generate in input customer data | 0 | New report | Back | Edit in input customer data | 0 | Delete in input customer data | Delete data successfully | less Than 1 | Input customer data | There are some duplicated items |" time="0"/>
  <testcase name="When In Credit Management page, I click record 0 in table Input Customer Data" classname="| Credit Management | Accounting | a567 | 0 | name1,name2 | Provider | Generate in input customer data | 0 | New report | Back | Edit in input customer data | 0 | Delete in input customer data | Delete data successfully | less Than 1 | Input customer data | There are some duplicated items |" time="0"/>
  <testcase name="When In Credit Management page, I click record 0 in table Input Customer Data" classname="| Credit Management | Accounting | a567 | 0 | name1,name2 | Provider | Generate in input customer data | 0 | New report | Back | Edit in input customer data | 0 | Delete in input customer data | Delete data successfully | less Than 1 | Input customer data | There are some duplicated items |" time="0"/>
  <testcase name="When In Credit Management page, I click record 0 in table Input Customer Data" classname="| Credit Management | Accounting | a567 | 0 | name1,name2 | Provider | Generate in input customer data | 0 | New report | Back | Edit in input customer data | 0 | Delete in input customer data | Delete data successfully | less Than 1 | Input customer data | There are some duplicated items |" time="0"/>
  <testcase name="And In Credit Management page, I click button Edit in input customer data" classname="| Credit Management | Accounting | a567 | 0 | name1,name2 | Provider | Generate in input customer data | 0 | New report | Back | Edit in input customer data | 0 | Delete in input customer data | Delete data successfully | less Than 1 | Input customer data | There are some duplicated items |" time="0"/>
  <testcase name="Then In Credit Management page, in table Input Customer Data have data is 0 record" classname="| Credit Management | Accounting | a567 | 0 | name1,name2 | Provider | Generate in input customer data | 0 | New report | Back | Edit in input customer data | 0 | Delete in input customer data | Delete data successfully | less Than 1 | Input customer data | There are some duplicated items |" time="0"/>
  <testcase name="And In Credit Management page, in Input related company have name1,name2 and choose type is Provider" classname="| Credit Management | Accounting | a567 | 0 | name1,name2 | Provider | Generate in input customer data | 0 | New report | Back | Edit in input customer data | 0 | Delete in input customer data | Delete data successfully | less Than 1 | Input customer data | There are some duplicated items |" time="0"/>
  <testcase name="When In Credit Management page, I type name1,name2 in Input related company and choose type is Provider" classname="| Credit Management | Accounting | a567 | 0 | name1,name2 | Provider | Generate in input customer data | 0 | New report | Back | Edit in input customer data | 0 | Delete in input customer data | Delete data successfully | less Than 1 | Input customer data | There are some duplicated items |" time="0"/>
  <testcase name="When In Credit Management page, I type name1,name2 in Input related company and choose type is Provider" classname="| Credit Management | Accounting | a567 | 0 | name1,name2 | Provider | Generate in input customer data | 0 | New report | Back | Edit in input customer data | 0 | Delete in input customer data | Delete data successfully | less Than 1 | Input customer data | There are some duplicated items |" time="0"/>
  <testcase name="Then In Credit Management page, System show message There are some duplicated items: name1,name2" classname="| Credit Management | Accounting | a567 | 0 | name1,name2 | Provider | Generate in input customer data | 0 | New report | Back | Edit in input customer data | 0 | Delete in input customer data | Delete data successfully | less Than 1 | Input customer data | There are some duplicated items |" time="0"/>
  <testcase name="And In Credit Management page, I click button Delete in input customer data" classname="| Credit Management | Accounting | a567 | 0 | name1,name2 | Provider | Generate in input customer data | 0 | New report | Back | Edit in input customer data | 0 | Delete in input customer data | Delete data successfully | less Than 1 | Input customer data | There are some duplicated items |" time="0"/>
  <testcase name="And In Credit Management page, I confirm action" classname="| Credit Management | Accounting | a567 | 0 | name1,name2 | Provider | Generate in input customer data | 0 | New report | Back | Edit in input customer data | 0 | Delete in input customer data | Delete data successfully | less Than 1 | Input customer data | There are some duplicated items |" time="0"/>
  <testcase name="Then In Credit Management page, System show message Delete data successfully" classname="| Credit Management | Accounting | a567 | 0 | name1,name2 | Provider | Generate in input customer data | 0 | New report | Back | Edit in input customer data | 0 | Delete in input customer data | Delete data successfully | less Than 1 | Input customer data | There are some duplicated items |" time="0"/>
  <testcase name="Then In Credit Management page, in table Input Customer Data have data is less Than 1 record" classname="| Credit Management | Accounting | a567 | 0 | name1,name2 | Provider | Generate in input customer data | 0 | New report | Back | Edit in input customer data | 0 | Delete in input customer data | Delete data successfully | less Than 1 | Input customer data | There are some duplicated items |" time="0"/>
  <testcase name="And In Credit Management page, I click button Back" classname="| Credit Management | Accounting | a567 | 0 | name1,name2 | Provider | Generate in input customer data | 0 | New report | Back | Edit in input customer data | 0 | Delete in input customer data | Delete data successfully | less Than 1 | Input customer data | There are some duplicated items |" time="0"/>
  <testcase name="| Credit Management | Accounting | a567 | 0 | name1,name2 | Provider | Generate in input customer data | 0 | New report | Back | Edit in input customer data | 0 | Delete in input customer data | Delete data successfully | less Than 1 | Input customer data | There are some duplicated items |" classname="| Credit Management | Accounting | a567 | 0 | name1,name2 | Provider | Generate in input customer data | 0 | New report | Back | Edit in input customer data | 0 | Delete in input customer data | Delete data successfully | less Than 1 | Input customer data | There are some duplicated items |" time="1.493"/>
  <testcase name="When I open submenu Credit Management of menu Accounting(| Credit Management | Accounting | a567 | 0 | Survey institute and information source | Index for accounting system | 帝国データ | 12 | Edit | Credit score number | 10 | Trading condition category | 通常取引 | Zip code of HQ | 111-1111 | Address of HQ " classname="When I open submenu Credit Management of menu Accounting(| Credit Management | Accounting | a567 | 0 | Survey institute and information source | Index for accounting system | 帝国データ | 12 | Edit | Credit score number | 10 | Trading condition category | 通常取引 | Zip code of HQ | 111-1111 | Address of HQ (all) | Tel. | 023-345-3212 | Fiscal closing month | 01月 | Business factors | Approve | Save successfully | Duplicate | Save draft | Industry classification | Generate in input customer data | Input customer data | name1,name2 | Provider |)" time="0"/>
  <testcase name="And I search customer by code a567(| Credit Management | Accounting | a567 | 0 | Survey institute and information source | Index for accounting system | 帝国データ | 12 | Edit | Credit score number | 10 | Trading condition category | 通常取引 | Zip code of HQ | 111-1111 | Address of HQ " classname="And I search customer by code a567(| Credit Management | Accounting | a567 | 0 | Survey institute and information source | Index for accounting system | 帝国データ | 12 | Edit | Credit score number | 10 | Trading condition category | 通常取引 | Zip code of HQ | 111-1111 | Address of HQ (all) | Tel. | 023-345-3212 | Fiscal closing month | 01月 | Business factors | Approve | Save successfully | Duplicate | Save draft | Industry classification | Generate in input customer data | Input customer data | name1,name2 | Provider |)" time="0"/>
  <testcase name="And I search customer by code a567(| Credit Management | Accounting | a567 | 0 | Survey institute and information source | Index for accounting system | 帝国データ | 12 | Edit | Credit score number | 10 | Trading condition category | 通常取引 | Zip code of HQ | 111-1111 | Address of HQ " classname="And I search customer by code a567(| Credit Management | Accounting | a567 | 0 | Survey institute and information source | Index for accounting system | 帝国データ | 12 | Edit | Credit score number | 10 | Trading condition category | 通常取引 | Zip code of HQ | 111-1111 | Address of HQ (all) | Tel. | 023-345-3212 | Fiscal closing month | 01月 | Business factors | Approve | Save successfully | Duplicate | Save draft | Industry classification | Generate in input customer data | Input customer data | name1,name2 | Provider |)" time="0"/>
  <testcase name="And I click checkbox left of a row 0 into table result(| Credit Management | Accounting | a567 | 0 | Survey institute and information source | Index for accounting system | 帝国データ | 12 | Edit | Credit score number | 10 | Trading condition category | 通常取引 | Zip code of HQ | 111-1111 | Address of HQ " classname="And I click checkbox left of a row 0 into table result(| Credit Management | Accounting | a567 | 0 | Survey institute and information source | Index for accounting system | 帝国データ | 12 | Edit | Credit score number | 10 | Trading condition category | 通常取引 | Zip code of HQ | 111-1111 | Address of HQ (all) | Tel. | 023-345-3212 | Fiscal closing month | 01月 | Business factors | Approve | Save successfully | Duplicate | Save draft | Industry classification | Generate in input customer data | Input customer data | name1,name2 | Provider |)" time="0"/>
  <testcase name="And I click checkbox left of a row 0 into table result(| Credit Management | Accounting | a567 | 0 | Survey institute and information source | Index for accounting system | 帝国データ | 12 | Edit | Credit score number | 10 | Trading condition category | 通常取引 | Zip code of HQ | 111-1111 | Address of HQ " classname="And I click checkbox left of a row 0 into table result(| Credit Management | Accounting | a567 | 0 | Survey institute and information source | Index for accounting system | 帝国データ | 12 | Edit | Credit score number | 10 | Trading condition category | 通常取引 | Zip code of HQ | 111-1111 | Address of HQ (all) | Tel. | 023-345-3212 | Fiscal closing month | 01月 | Business factors | Approve | Save successfully | Duplicate | Save draft | Industry classification | Generate in input customer data | Input customer data | name1,name2 | Provider |)" time="0"/>
  <testcase name="And In accounting screen, I click button select(| Credit Management | Accounting | a567 | 0 | Survey institute and information source | Index for accounting system | 帝国データ | 12 | Edit | Credit score number | 10 | Trading condition category | 通常取引 | Zip code of HQ | 111-1111 | Address of HQ " classname="And In accounting screen, I click button select(| Credit Management | Accounting | a567 | 0 | Survey institute and information source | Index for accounting system | 帝国データ | 12 | Edit | Credit score number | 10 | Trading condition category | 通常取引 | Zip code of HQ | 111-1111 | Address of HQ (all) | Tel. | 023-345-3212 | Fiscal closing month | 01月 | Business factors | Approve | Save successfully | Duplicate | Save draft | Industry classification | Generate in input customer data | Input customer data | name1,name2 | Provider |)" time="0"/>
  <testcase name="And In accounting screen, I click button select(| Credit Management | Accounting | a567 | 0 | Survey institute and information source | Index for accounting system | 帝国データ | 12 | Edit | Credit score number | 10 | Trading condition category | 通常取引 | Zip code of HQ | 111-1111 | Address of HQ " classname="And In accounting screen, I click button select(| Credit Management | Accounting | a567 | 0 | Survey institute and information source | Index for accounting system | 帝国データ | 12 | Edit | Credit score number | 10 | Trading condition category | 通常取引 | Zip code of HQ | 111-1111 | Address of HQ (all) | Tel. | 023-345-3212 | Fiscal closing month | 01月 | Business factors | Approve | Save successfully | Duplicate | Save draft | Industry classification | Generate in input customer data | Input customer data | name1,name2 | Provider |)" time="0"/>
  <testcase name="And In Credit Management page, I click record 0 in table Credit History in bottom with View enable(| Credit Management | Accounting | a567 | 0 | Survey institute and information source | Index for accounting system | 帝国データ | 12 | Edit | Credit score number | 10 | Trading condition category | 通常取引 | Zip code of HQ | 111-1111 | Address of HQ " classname="And In Credit Management page, I click record 0 in table Credit History in bottom with View enable(| Credit Management | Accounting | a567 | 0 | Survey institute and information source | Index for accounting system | 帝国データ | 12 | Edit | Credit score number | 10 | Trading condition category | 通常取引 | Zip code of HQ | 111-1111 | Address of HQ (all) | Tel. | 023-345-3212 | Fiscal closing month | 01月 | Business factors | Approve | Save successfully | Duplicate | Save draft | Industry classification | Generate in input customer data | Input customer data | name1,name2 | Provider |)" time="0"/>
  <testcase name="And In Credit Management page, I click button Duplicate(| Credit Management | Accounting | a567 | 0 | Survey institute and information source | Index for accounting system | 帝国データ | 12 | Edit | Credit score number | 10 | Trading condition category | 通常取引 | Zip code of HQ | 111-1111 | Address of HQ " classname="And In Credit Management page, I click button Duplicate(| Credit Management | Accounting | a567 | 0 | Survey institute and information source | Index for accounting system | 帝国データ | 12 | Edit | Credit score number | 10 | Trading condition category | 通常取引 | Zip code of HQ | 111-1111 | Address of HQ (all) | Tel. | 023-345-3212 | Fiscal closing month | 01月 | Business factors | Approve | Save successfully | Duplicate | Save draft | Industry classification | Generate in input customer data | Input customer data | name1,name2 | Provider |)" time="0"/>
  <testcase name="And In Credit Management page, I change survey date to next day of selected record(| Credit Management | Accounting | a567 | 0 | Survey institute and information source | Index for accounting system | 帝国データ | 12 | Edit | Credit score number | 10 | Trading condition category | 通常取引 | Zip code of HQ | 111-1111 | Address of HQ " classname="And In Credit Management page, I change survey date to next day of selected record(| Credit Management | Accounting | a567 | 0 | Survey institute and information source | Index for accounting system | 帝国データ | 12 | Edit | Credit score number | 10 | Trading condition category | 通常取引 | Zip code of HQ | 111-1111 | Address of HQ (all) | Tel. | 023-345-3212 | Fiscal closing month | 01月 | Business factors | Approve | Save successfully | Duplicate | Save draft | Industry classification | Generate in input customer data | Input customer data | name1,name2 | Provider |)" time="0"/>
  <testcase name="And In Credit Management page, I change survey date to next day of selected record(| Credit Management | Accounting | a567 | 0 | Survey institute and information source | Index for accounting system | 帝国データ | 12 | Edit | Credit score number | 10 | Trading condition category | 通常取引 | Zip code of HQ | 111-1111 | Address of HQ " classname="And In Credit Management page, I change survey date to next day of selected record(| Credit Management | Accounting | a567 | 0 | Survey institute and information source | Index for accounting system | 帝国データ | 12 | Edit | Credit score number | 10 | Trading condition category | 通常取引 | Zip code of HQ | 111-1111 | Address of HQ (all) | Tel. | 023-345-3212 | Fiscal closing month | 01月 | Business factors | Approve | Save successfully | Duplicate | Save draft | Industry classification | Generate in input customer data | Input customer data | name1,name2 | Provider |)" time="0"/>
  <testcase name="And In Credit Management page, I click button Save draft(| Credit Management | Accounting | a567 | 0 | Survey institute and information source | Index for accounting system | 帝国データ | 12 | Edit | Credit score number | 10 | Trading condition category | 通常取引 | Zip code of HQ | 111-1111 | Address of HQ " classname="And In Credit Management page, I click button Save draft(| Credit Management | Accounting | a567 | 0 | Survey institute and information source | Index for accounting system | 帝国データ | 12 | Edit | Credit score number | 10 | Trading condition category | 通常取引 | Zip code of HQ | 111-1111 | Address of HQ (all) | Tel. | 023-345-3212 | Fiscal closing month | 01月 | Business factors | Approve | Save successfully | Duplicate | Save draft | Industry classification | Generate in input customer data | Input customer data | name1,name2 | Provider |)" time="0"/>
  <testcase name="And I open submenu Credit Management of menu Accounting(| Credit Management | Accounting | a567 | 0 | Survey institute and information source | Index for accounting system | 帝国データ | 12 | Edit | Credit score number | 10 | Trading condition category | 通常取引 | Zip code of HQ | 111-1111 | Address of HQ " classname="And I open submenu Credit Management of menu Accounting(| Credit Management | Accounting | a567 | 0 | Survey institute and information source | Index for accounting system | 帝国データ | 12 | Edit | Credit score number | 10 | Trading condition category | 通常取引 | Zip code of HQ | 111-1111 | Address of HQ (all) | Tel. | 023-345-3212 | Fiscal closing month | 01月 | Business factors | Approve | Save successfully | Duplicate | Save draft | Industry classification | Generate in input customer data | Input customer data | name1,name2 | Provider |)" time="0"/>
  <testcase name="And In Credit Management page, I click record 0 in table Credit History in bottom(| Credit Management | Accounting | a567 | 0 | Survey institute and information source | Index for accounting system | 帝国データ | 12 | Edit | Credit score number | 10 | Trading condition category | 通常取引 | Zip code of HQ | 111-1111 | Address of HQ " classname="And In Credit Management page, I click record 0 in table Credit History in bottom(| Credit Management | Accounting | a567 | 0 | Survey institute and information source | Index for accounting system | 帝国データ | 12 | Edit | Credit score number | 10 | Trading condition category | 通常取引 | Zip code of HQ | 111-1111 | Address of HQ (all) | Tel. | 023-345-3212 | Fiscal closing month | 01月 | Business factors | Approve | Save successfully | Duplicate | Save draft | Industry classification | Generate in input customer data | Input customer data | name1,name2 | Provider |)" time="0"/>
  <testcase name="And In Credit Management page, I click button Edit(| Credit Management | Accounting | a567 | 0 | Survey institute and information source | Index for accounting system | 帝国データ | 12 | Edit | Credit score number | 10 | Trading condition category | 通常取引 | Zip code of HQ | 111-1111 | Address of HQ " classname="And In Credit Management page, I click button Edit(| Credit Management | Accounting | a567 | 0 | Survey institute and information source | Index for accounting system | 帝国データ | 12 | Edit | Credit score number | 10 | Trading condition category | 通常取引 | Zip code of HQ | 111-1111 | Address of HQ (all) | Tel. | 023-345-3212 | Fiscal closing month | 01月 | Business factors | Approve | Save successfully | Duplicate | Save draft | Industry classification | Generate in input customer data | Input customer data | name1,name2 | Provider |)" time="0"/>
  <testcase name="And In Credit Management page, I select in Survey institute and information source is 帝国データ(| Credit Management | Accounting | a567 | 0 | Survey institute and information source | Index for accounting system | 帝国データ | 12 | Edit | Credit score number | 10 | Trading condition category | 通常取引 | Zip code of HQ | 111-1111 | Address of HQ " classname="And In Credit Management page, I select in Survey institute and information source is 帝国データ(| Credit Management | Accounting | a567 | 0 | Survey institute and information source | Index for accounting system | 帝国データ | 12 | Edit | Credit score number | 10 | Trading condition category | 通常取引 | Zip code of HQ | 111-1111 | Address of HQ (all) | Tel. | 023-345-3212 | Fiscal closing month | 01月 | Business factors | Approve | Save successfully | Duplicate | Save draft | Industry classification | Generate in input customer data | Input customer data | name1,name2 | Provider |)" time="0"/>
  <testcase name="And In Credit Management page, I type in Index for accounting system is 12(| Credit Management | Accounting | a567 | 0 | Survey institute and information source | Index for accounting system | 帝国データ | 12 | Edit | Credit score number | 10 | Trading condition category | 通常取引 | Zip code of HQ | 111-1111 | Address of HQ " classname="And In Credit Management page, I type in Index for accounting system is 12(| Credit Management | Accounting | a567 | 0 | Survey institute and information source | Index for accounting system | 帝国データ | 12 | Edit | Credit score number | 10 | Trading condition category | 通常取引 | Zip code of HQ | 111-1111 | Address of HQ (all) | Tel. | 023-345-3212 | Fiscal closing month | 01月 | Business factors | Approve | Save successfully | Duplicate | Save draft | Industry classification | Generate in input customer data | Input customer data | name1,name2 | Provider |)" time="0"/>
  <testcase name="And In Credit Management page, I type in Credit score number is 10(| Credit Management | Accounting | a567 | 0 | Survey institute and information source | Index for accounting system | 帝国データ | 12 | Edit | Credit score number | 10 | Trading condition category | 通常取引 | Zip code of HQ | 111-1111 | Address of HQ " classname="And In Credit Management page, I type in Credit score number is 10(| Credit Management | Accounting | a567 | 0 | Survey institute and information source | Index for accounting system | 帝国データ | 12 | Edit | Credit score number | 10 | Trading condition category | 通常取引 | Zip code of HQ | 111-1111 | Address of HQ (all) | Tel. | 023-345-3212 | Fiscal closing month | 01月 | Business factors | Approve | Save successfully | Duplicate | Save draft | Industry classification | Generate in input customer data | Input customer data | name1,name2 | Provider |)" time="0"/>
  <testcase name="And In Credit Management page, I select in Trading condition category is 通常取引(| Credit Management | Accounting | a567 | 0 | Survey institute and information source | Index for accounting system | 帝国データ | 12 | Edit | Credit score number | 10 | Trading condition category | 通常取引 | Zip code of HQ | 111-1111 | Address of HQ " classname="And In Credit Management page, I select in Trading condition category is 通常取引(| Credit Management | Accounting | a567 | 0 | Survey institute and information source | Index for accounting system | 帝国データ | 12 | Edit | Credit score number | 10 | Trading condition category | 通常取引 | Zip code of HQ | 111-1111 | Address of HQ (all) | Tel. | 023-345-3212 | Fiscal closing month | 01月 | Business factors | Approve | Save successfully | Duplicate | Save draft | Industry classification | Generate in input customer data | Input customer data | name1,name2 | Provider |)" time="0"/>
  <testcase name="And In Credit Management page, textarea can input(| Credit Management | Accounting | a567 | 0 | Survey institute and information source | Index for accounting system | 帝国データ | 12 | Edit | Credit score number | 10 | Trading condition category | 通常取引 | Zip code of HQ | 111-1111 | Address of HQ " classname="And In Credit Management page, textarea can input(| Credit Management | Accounting | a567 | 0 | Survey institute and information source | Index for accounting system | 帝国データ | 12 | Edit | Credit score number | 10 | Trading condition category | 通常取引 | Zip code of HQ | 111-1111 | Address of HQ (all) | Tel. | 023-345-3212 | Fiscal closing month | 01月 | Business factors | Approve | Save successfully | Duplicate | Save draft | Industry classification | Generate in input customer data | Input customer data | name1,name2 | Provider |)" time="0"/>
  <testcase name="And In Credit Management page, I select tab have name is Business factors(| Credit Management | Accounting | a567 | 0 | Survey institute and information source | Index for accounting system | 帝国データ | 12 | Edit | Credit score number | 10 | Trading condition category | 通常取引 | Zip code of HQ | 111-1111 | Address of HQ " classname="And In Credit Management page, I select tab have name is Business factors(| Credit Management | Accounting | a567 | 0 | Survey institute and information source | Index for accounting system | 帝国データ | 12 | Edit | Credit score number | 10 | Trading condition category | 通常取引 | Zip code of HQ | 111-1111 | Address of HQ (all) | Tel. | 023-345-3212 | Fiscal closing month | 01月 | Business factors | Approve | Save successfully | Duplicate | Save draft | Industry classification | Generate in input customer data | Input customer data | name1,name2 | Provider |)" time="0"/>
  <testcase name="And In Credit Management page, I type in Zip code of HQ is 111-1111(| Credit Management | Accounting | a567 | 0 | Survey institute and information source | Index for accounting system | 帝国データ | 12 | Edit | Credit score number | 10 | Trading condition category | 通常取引 | Zip code of HQ | 111-1111 | Address of HQ " classname="And In Credit Management page, I type in Zip code of HQ is 111-1111(| Credit Management | Accounting | a567 | 0 | Survey institute and information source | Index for accounting system | 帝国データ | 12 | Edit | Credit score number | 10 | Trading condition category | 通常取引 | Zip code of HQ | 111-1111 | Address of HQ (all) | Tel. | 023-345-3212 | Fiscal closing month | 01月 | Business factors | Approve | Save successfully | Duplicate | Save draft | Industry classification | Generate in input customer data | Input customer data | name1,name2 | Provider |)" time="0"/>
  <testcase name="And In Credit Management page, I type in Address of HQ (all) is 111-1111(| Credit Management | Accounting | a567 | 0 | Survey institute and information source | Index for accounting system | 帝国データ | 12 | Edit | Credit score number | 10 | Trading condition category | 通常取引 | Zip code of HQ | 111-1111 | Address of HQ " classname="And In Credit Management page, I type in Address of HQ (all) is 111-1111(| Credit Management | Accounting | a567 | 0 | Survey institute and information source | Index for accounting system | 帝国データ | 12 | Edit | Credit score number | 10 | Trading condition category | 通常取引 | Zip code of HQ | 111-1111 | Address of HQ (all) | Tel. | 023-345-3212 | Fiscal closing month | 01月 | Business factors | Approve | Save successfully | Duplicate | Save draft | Industry classification | Generate in input customer data | Input customer data | name1,name2 | Provider |)" time="0"/>
  <testcase name="And In Credit Management page, I type in Tel. is 023-345-3212(| Credit Management | Accounting | a567 | 0 | Survey institute and information source | Index for accounting system | 帝国データ | 12 | Edit | Credit score number | 10 | Trading condition category | 通常取引 | Zip code of HQ | 111-1111 | Address of HQ " classname="And In Credit Management page, I type in Tel. is 023-345-3212(| Credit Management | Accounting | a567 | 0 | Survey institute and information source | Index for accounting system | 帝国データ | 12 | Edit | Credit score number | 10 | Trading condition category | 通常取引 | Zip code of HQ | 111-1111 | Address of HQ (all) | Tel. | 023-345-3212 | Fiscal closing month | 01月 | Business factors | Approve | Save successfully | Duplicate | Save draft | Industry classification | Generate in input customer data | Input customer data | name1,name2 | Provider |)" time="0"/>
  <testcase name="And In Credit Management page, I select in Fiscal closing month is 01月(| Credit Management | Accounting | a567 | 0 | Survey institute and information source | Index for accounting system | 帝国データ | 12 | Edit | Credit score number | 10 | Trading condition category | 通常取引 | Zip code of HQ | 111-1111 | Address of HQ " classname="And In Credit Management page, I select in Fiscal closing month is 01月(| Credit Management | Accounting | a567 | 0 | Survey institute and information source | Index for accounting system | 帝国データ | 12 | Edit | Credit score number | 10 | Trading condition category | 通常取引 | Zip code of HQ | 111-1111 | Address of HQ (all) | Tel. | 023-345-3212 | Fiscal closing month | 01月 | Business factors | Approve | Save successfully | Duplicate | Save draft | Industry classification | Generate in input customer data | Input customer data | name1,name2 | Provider |)" time="0"/>
  <testcase name="And In Credit Management page, fields not required can input(| Credit Management | Accounting | a567 | 0 | Survey institute and information source | Index for accounting system | 帝国データ | 12 | Edit | Credit score number | 10 | Trading condition category | 通常取引 | Zip code of HQ | 111-1111 | Address of HQ " classname="And In Credit Management page, fields not required can input(| Credit Management | Accounting | a567 | 0 | Survey institute and information source | Index for accounting system | 帝国データ | 12 | Edit | Credit score number | 10 | Trading condition category | 通常取引 | Zip code of HQ | 111-1111 | Address of HQ (all) | Tel. | 023-345-3212 | Fiscal closing month | 01月 | Business factors | Approve | Save successfully | Duplicate | Save draft | Industry classification | Generate in input customer data | Input customer data | name1,name2 | Provider |)" time="0"/>
  <testcase name="And In Credit Management page, fields not required can input(| Credit Management | Accounting | a567 | 0 | Survey institute and information source | Index for accounting system | 帝国データ | 12 | Edit | Credit score number | 10 | Trading condition category | 通常取引 | Zip code of HQ | 111-1111 | Address of HQ " classname="And In Credit Management page, fields not required can input(| Credit Management | Accounting | a567 | 0 | Survey institute and information source | Index for accounting system | 帝国データ | 12 | Edit | Credit score number | 10 | Trading condition category | 通常取引 | Zip code of HQ | 111-1111 | Address of HQ (all) | Tel. | 023-345-3212 | Fiscal closing month | 01月 | Business factors | Approve | Save successfully | Duplicate | Save draft | Industry classification | Generate in input customer data | Input customer data | name1,name2 | Provider |)" time="0"/>
  <testcase name="And In Credit Management page, I select tab have name is Industry classification(| Credit Management | Accounting | a567 | 0 | Survey institute and information source | Index for accounting system | 帝国データ | 12 | Edit | Credit score number | 10 | Trading condition category | 通常取引 | Zip code of HQ | 111-1111 | Address of HQ " classname="And In Credit Management page, I select tab have name is Industry classification(| Credit Management | Accounting | a567 | 0 | Survey institute and information source | Index for accounting system | 帝国データ | 12 | Edit | Credit score number | 10 | Trading condition category | 通常取引 | Zip code of HQ | 111-1111 | Address of HQ (all) | Tel. | 023-345-3212 | Fiscal closing month | 01月 | Business factors | Approve | Save successfully | Duplicate | Save draft | Industry classification | Generate in input customer data | Input customer data | name1,name2 | Provider |)" time="0"/>
  <testcase name="And In Credit Management page, fields required can input(| Credit Management | Accounting | a567 | 0 | Survey institute and information source | Index for accounting system | 帝国データ | 12 | Edit | Credit score number | 10 | Trading condition category | 通常取引 | Zip code of HQ | 111-1111 | Address of HQ " classname="And In Credit Management page, fields required can input(| Credit Management | Accounting | a567 | 0 | Survey institute and information source | Index for accounting system | 帝国データ | 12 | Edit | Credit score number | 10 | Trading condition category | 通常取引 | Zip code of HQ | 111-1111 | Address of HQ (all) | Tel. | 023-345-3212 | Fiscal closing month | 01月 | Business factors | Approve | Save successfully | Duplicate | Save draft | Industry classification | Generate in input customer data | Input customer data | name1,name2 | Provider |)" time="0"/>
  <testcase name="And In Credit Management page, I select tab have name is Input customer data(| Credit Management | Accounting | a567 | 0 | Survey institute and information source | Index for accounting system | 帝国データ | 12 | Edit | Credit score number | 10 | Trading condition category | 通常取引 | Zip code of HQ | 111-1111 | Address of HQ " classname="And In Credit Management page, I select tab have name is Input customer data(| Credit Management | Accounting | a567 | 0 | Survey institute and information source | Index for accounting system | 帝国データ | 12 | Edit | Credit score number | 10 | Trading condition category | 通常取引 | Zip code of HQ | 111-1111 | Address of HQ (all) | Tel. | 023-345-3212 | Fiscal closing month | 01月 | Business factors | Approve | Save successfully | Duplicate | Save draft | Industry classification | Generate in input customer data | Input customer data | name1,name2 | Provider |)" time="0"/>
  <testcase name="And In Credit Management page, I type name1,name2 in Input related company and choose type is Provider(| Credit Management | Accounting | a567 | 0 | Survey institute and information source | Index for accounting system | 帝国データ | 12 | Edit | Credit score number | 10 | Trading condition category | 通常取引 | Zip code of HQ | 111-1111 | Address of HQ " classname="And In Credit Management page, I type name1,name2 in Input related company and choose type is Provider(| Credit Management | Accounting | a567 | 0 | Survey institute and information source | Index for accounting system | 帝国データ | 12 | Edit | Credit score number | 10 | Trading condition category | 通常取引 | Zip code of HQ | 111-1111 | Address of HQ (all) | Tel. | 023-345-3212 | Fiscal closing month | 01月 | Business factors | Approve | Save successfully | Duplicate | Save draft | Industry classification | Generate in input customer data | Input customer data | name1,name2 | Provider |)" time="0"/>
  <testcase name="And In Credit Management page, I click button Generate in input customer data(| Credit Management | Accounting | a567 | 0 | Survey institute and information source | Index for accounting system | 帝国データ | 12 | Edit | Credit score number | 10 | Trading condition category | 通常取引 | Zip code of HQ | 111-1111 | Address of HQ " classname="And In Credit Management page, I click button Generate in input customer data(| Credit Management | Accounting | a567 | 0 | Survey institute and information source | Index for accounting system | 帝国データ | 12 | Edit | Credit score number | 10 | Trading condition category | 通常取引 | Zip code of HQ | 111-1111 | Address of HQ (all) | Tel. | 023-345-3212 | Fiscal closing month | 01月 | Business factors | Approve | Save successfully | Duplicate | Save draft | Industry classification | Generate in input customer data | Input customer data | name1,name2 | Provider |)" time="0"/>
  <testcase name="And In Credit Management page, I click button Approve(| Credit Management | Accounting | a567 | 0 | Survey institute and information source | Index for accounting system | 帝国データ | 12 | Edit | Credit score number | 10 | Trading condition category | 通常取引 | Zip code of HQ | 111-1111 | Address of HQ " classname="And In Credit Management page, I click button Approve(| Credit Management | Accounting | a567 | 0 | Survey institute and information source | Index for accounting system | 帝国データ | 12 | Edit | Credit score number | 10 | Trading condition category | 通常取引 | Zip code of HQ | 111-1111 | Address of HQ (all) | Tel. | 023-345-3212 | Fiscal closing month | 01月 | Business factors | Approve | Save successfully | Duplicate | Save draft | Industry classification | Generate in input customer data | Input customer data | name1,name2 | Provider |)" time="0"/>
  <testcase name="And In Credit Management page, I confirm action(| Credit Management | Accounting | a567 | 0 | Survey institute and information source | Index for accounting system | 帝国データ | 12 | Edit | Credit score number | 10 | Trading condition category | 通常取引 | Zip code of HQ | 111-1111 | Address of HQ " classname="And In Credit Management page, I confirm action(| Credit Management | Accounting | a567 | 0 | Survey institute and information source | Index for accounting system | 帝国データ | 12 | Edit | Credit score number | 10 | Trading condition category | 通常取引 | Zip code of HQ | 111-1111 | Address of HQ (all) | Tel. | 023-345-3212 | Fiscal closing month | 01月 | Business factors | Approve | Save successfully | Duplicate | Save draft | Industry classification | Generate in input customer data | Input customer data | name1,name2 | Provider |)" time="0"/>
  <testcase name="Then In Credit Management page, System show message Save successfully(| Credit Management | Accounting | a567 | 0 | Survey institute and information source | Index for accounting system | 帝国データ | 12 | Edit | Credit score number | 10 | Trading condition category | 通常取引 | Zip code of HQ | 111-1111 | Address of HQ " classname="Then In Credit Management page, System show message Save successfully(| Credit Management | Accounting | a567 | 0 | Survey institute and information source | Index for accounting system | 帝国データ | 12 | Edit | Credit score number | 10 | Trading condition category | 通常取引 | Zip code of HQ | 111-1111 | Address of HQ (all) | Tel. | 023-345-3212 | Fiscal closing month | 01月 | Business factors | Approve | Save successfully | Duplicate | Save draft | Industry classification | Generate in input customer data | Input customer data | name1,name2 | Provider |)" time="0"/>
  <testcase name="| Credit Management | Accounting | a567 | 0 | Survey institute and information source | Index for accounting system | 帝国データ | 12 | Edit | Credit score number | 10 | Trading condition category | 通常取引 | Zip code of HQ | 111-1111 | Address of HQ " classname="| Credit Management | Accounting | a567 | 0 | Survey institute and information source | Index for accounting system | 帝国データ | 12 | Edit | Credit score number | 10 | Trading condition category | 通常取引 | Zip code of HQ | 111-1111 | Address of HQ (all) | Tel. | 023-345-3212 | Fiscal closing month | 01月 | Business factors | Approve | Save successfully | Duplicate | Save draft | Industry classification | Generate in input customer data | Input customer data | name1,name2 | Provider |" time="1.694"/>
  <testcase name="When I open submenu Credit Management of menu Accounting(| Credit Management | Accounting | a567 | 0 | Survey institute and information source | Index for accounting system | 帝国データ | 12 | Date of survey | Credit score number | 10 | Trading condition category | 通常取引 | Zip code of HQ | 111-1111 | Address of HQ (all) | Tel. | 023-345-3212 | Fiscal closing month | 01月 | Business factors | Approve | Save successfully | Industry classification | New report | is required | Industry category code (main) | Industry category code " classname="When I open submenu Credit Management of menu Accounting(| Credit Management | Accounting | a567 | 0 | Survey institute and information source | Index for accounting system | 帝国データ | 12 | Date of survey | Credit score number | 10 | Trading condition category | 通常取引 | Zip code of HQ | 111-1111 | Address of HQ (all) | Tel. | 023-345-3212 | Fiscal closing month | 01月 | Business factors | Approve | Save successfully | Industry classification | New report | is required | Industry category code (main) | Industry category code (subsidiary) |)" time="0"/>
  <testcase name="And I search customer by code a567(| Credit Management | Accounting | a567 | 0 | Survey institute and information source | Index for accounting system | 帝国データ | 12 | Date of survey | Credit score number | 10 | Trading condition category | 通常取引 | Zip code of HQ | 111-1111 | Address of HQ (all) | Tel. | 023-345-3212 | Fiscal closing month | 01月 | Business factors | Approve | Save successfully | Industry classification | New report | is required | Industry category code (main) | Industry category code " classname="And I search customer by code a567(| Credit Management | Accounting | a567 | 0 | Survey institute and information source | Index for accounting system | 帝国データ | 12 | Date of survey | Credit score number | 10 | Trading condition category | 通常取引 | Zip code of HQ | 111-1111 | Address of HQ (all) | Tel. | 023-345-3212 | Fiscal closing month | 01月 | Business factors | Approve | Save successfully | Industry classification | New report | is required | Industry category code (main) | Industry category code (subsidiary) |)" time="0"/>
  <testcase name="And I click checkbox left of a row 0 into table result(| Credit Management | Accounting | a567 | 0 | Survey institute and information source | Index for accounting system | 帝国データ | 12 | Date of survey | Credit score number | 10 | Trading condition category | 通常取引 | Zip code of HQ | 111-1111 | Address of HQ (all) | Tel. | 023-345-3212 | Fiscal closing month | 01月 | Business factors | Approve | Save successfully | Industry classification | New report | is required | Industry category code (main) | Industry category code " classname="And I click checkbox left of a row 0 into table result(| Credit Management | Accounting | a567 | 0 | Survey institute and information source | Index for accounting system | 帝国データ | 12 | Date of survey | Credit score number | 10 | Trading condition category | 通常取引 | Zip code of HQ | 111-1111 | Address of HQ (all) | Tel. | 023-345-3212 | Fiscal closing month | 01月 | Business factors | Approve | Save successfully | Industry classification | New report | is required | Industry category code (main) | Industry category code (subsidiary) |)" time="0"/>
  <testcase name="And In accounting screen, I click button select(| Credit Management | Accounting | a567 | 0 | Survey institute and information source | Index for accounting system | 帝国データ | 12 | Date of survey | Credit score number | 10 | Trading condition category | 通常取引 | Zip code of HQ | 111-1111 | Address of HQ (all) | Tel. | 023-345-3212 | Fiscal closing month | 01月 | Business factors | Approve | Save successfully | Industry classification | New report | is required | Industry category code (main) | Industry category code " classname="And In accounting screen, I click button select(| Credit Management | Accounting | a567 | 0 | Survey institute and information source | Index for accounting system | 帝国データ | 12 | Date of survey | Credit score number | 10 | Trading condition category | 通常取引 | Zip code of HQ | 111-1111 | Address of HQ (all) | Tel. | 023-345-3212 | Fiscal closing month | 01月 | Business factors | Approve | Save successfully | Industry classification | New report | is required | Industry category code (main) | Industry category code (subsidiary) |)" time="0"/>
  <testcase name="And In Credit Management page, I click record 0 in table Credit History in bottom with View enable(| Credit Management | Accounting | a567 | 0 | Survey institute and information source | Index for accounting system | 帝国データ | 12 | Date of survey | Credit score number | 10 | Trading condition category | 通常取引 | Zip code of HQ | 111-1111 | Address of HQ (all) | Tel. | 023-345-3212 | Fiscal closing month | 01月 | Business factors | Approve | Save successfully | Industry classification | New report | is required | Industry category code (main) | Industry category code " classname="And In Credit Management page, I click record 0 in table Credit History in bottom with View enable(| Credit Management | Accounting | a567 | 0 | Survey institute and information source | Index for accounting system | 帝国データ | 12 | Date of survey | Credit score number | 10 | Trading condition category | 通常取引 | Zip code of HQ | 111-1111 | Address of HQ (all) | Tel. | 023-345-3212 | Fiscal closing month | 01月 | Business factors | Approve | Save successfully | Industry classification | New report | is required | Industry category code (main) | Industry category code (subsidiary) |)" time="0"/>
  <testcase name="And In Credit Management page, I click button New report(| Credit Management | Accounting | a567 | 0 | Survey institute and information source | Index for accounting system | 帝国データ | 12 | Date of survey | Credit score number | 10 | Trading condition category | 通常取引 | Zip code of HQ | 111-1111 | Address of HQ (all) | Tel. | 023-345-3212 | Fiscal closing month | 01月 | Business factors | Approve | Save successfully | Industry classification | New report | is required | Industry category code (main) | Industry category code " classname="And In Credit Management page, I click button New report(| Credit Management | Accounting | a567 | 0 | Survey institute and information source | Index for accounting system | 帝国データ | 12 | Date of survey | Credit score number | 10 | Trading condition category | 通常取引 | Zip code of HQ | 111-1111 | Address of HQ (all) | Tel. | 023-345-3212 | Fiscal closing month | 01月 | Business factors | Approve | Save successfully | Industry classification | New report | is required | Industry category code (main) | Industry category code (subsidiary) |)" time="0"/>
  <testcase name="And In Credit Management page, I click button Approve(| Credit Management | Accounting | a567 | 0 | Survey institute and information source | Index for accounting system | 帝国データ | 12 | Date of survey | Credit score number | 10 | Trading condition category | 通常取引 | Zip code of HQ | 111-1111 | Address of HQ (all) | Tel. | 023-345-3212 | Fiscal closing month | 01月 | Business factors | Approve | Save successfully | Industry classification | New report | is required | Industry category code (main) | Industry category code " classname="And In Credit Management page, I click button Approve(| Credit Management | Accounting | a567 | 0 | Survey institute and information source | Index for accounting system | 帝国データ | 12 | Date of survey | Credit score number | 10 | Trading condition category | 通常取引 | Zip code of HQ | 111-1111 | Address of HQ (all) | Tel. | 023-345-3212 | Fiscal closing month | 01月 | Business factors | Approve | Save successfully | Industry classification | New report | is required | Industry category code (main) | Industry category code (subsidiary) |)" time="0"/>
  <testcase name="And In Credit Management page, I click button Approve(| Credit Management | Accounting | a567 | 0 | Survey institute and information source | Index for accounting system | 帝国データ | 12 | Date of survey | Credit score number | 10 | Trading condition category | 通常取引 | Zip code of HQ | 111-1111 | Address of HQ (all) | Tel. | 023-345-3212 | Fiscal closing month | 01月 | Business factors | Approve | Save successfully | Industry classification | New report | is required | Industry category code (main) | Industry category code " classname="And In Credit Management page, I click button Approve(| Credit Management | Accounting | a567 | 0 | Survey institute and information source | Index for accounting system | 帝国データ | 12 | Date of survey | Credit score number | 10 | Trading condition category | 通常取引 | Zip code of HQ | 111-1111 | Address of HQ (all) | Tel. | 023-345-3212 | Fiscal closing month | 01月 | Business factors | Approve | Save successfully | Industry classification | New report | is required | Industry category code (main) | Industry category code (subsidiary) |)" time="0"/>
  <testcase name="And In Credit Management page, I click button Approve(| Credit Management | Accounting | a567 | 0 | Survey institute and information source | Index for accounting system | 帝国データ | 12 | Date of survey | Credit score number | 10 | Trading condition category | 通常取引 | Zip code of HQ | 111-1111 | Address of HQ (all) | Tel. | 023-345-3212 | Fiscal closing month | 01月 | Business factors | Approve | Save successfully | Industry classification | New report | is required | Industry category code (main) | Industry category code " classname="And In Credit Management page, I click button Approve(| Credit Management | Accounting | a567 | 0 | Survey institute and information source | Index for accounting system | 帝国データ | 12 | Date of survey | Credit score number | 10 | Trading condition category | 通常取引 | Zip code of HQ | 111-1111 | Address of HQ (all) | Tel. | 023-345-3212 | Fiscal closing month | 01月 | Business factors | Approve | Save successfully | Industry classification | New report | is required | Industry category code (main) | Industry category code (subsidiary) |)" time="0"/>
  <testcase name="And In Credit Management page, I click button Approve(| Credit Management | Accounting | a567 | 0 | Survey institute and information source | Index for accounting system | 帝国データ | 12 | Date of survey | Credit score number | 10 | Trading condition category | 通常取引 | Zip code of HQ | 111-1111 | Address of HQ (all) | Tel. | 023-345-3212 | Fiscal closing month | 01月 | Business factors | Approve | Save successfully | Industry classification | New report | is required | Industry category code (main) | Industry category code " classname="And In Credit Management page, I click button Approve(| Credit Management | Accounting | a567 | 0 | Survey institute and information source | Index for accounting system | 帝国データ | 12 | Date of survey | Credit score number | 10 | Trading condition category | 通常取引 | Zip code of HQ | 111-1111 | Address of HQ (all) | Tel. | 023-345-3212 | Fiscal closing month | 01月 | Business factors | Approve | Save successfully | Industry classification | New report | is required | Industry category code (main) | Industry category code (subsidiary) |)" time="0"/>
  <testcase name="And In Credit Management page, I click button Approve(| Credit Management | Accounting | a567 | 0 | Survey institute and information source | Index for accounting system | 帝国データ | 12 | Date of survey | Credit score number | 10 | Trading condition category | 通常取引 | Zip code of HQ | 111-1111 | Address of HQ (all) | Tel. | 023-345-3212 | Fiscal closing month | 01月 | Business factors | Approve | Save successfully | Industry classification | New report | is required | Industry category code (main) | Industry category code " classname="And In Credit Management page, I click button Approve(| Credit Management | Accounting | a567 | 0 | Survey institute and information source | Index for accounting system | 帝国データ | 12 | Date of survey | Credit score number | 10 | Trading condition category | 通常取引 | Zip code of HQ | 111-1111 | Address of HQ (all) | Tel. | 023-345-3212 | Fiscal closing month | 01月 | Business factors | Approve | Save successfully | Industry classification | New report | is required | Industry category code (main) | Industry category code (subsidiary) |)" time="0"/>
  <testcase name="And In Credit Management page, I click button Approve(| Credit Management | Accounting | a567 | 0 | Survey institute and information source | Index for accounting system | 帝国データ | 12 | Date of survey | Credit score number | 10 | Trading condition category | 通常取引 | Zip code of HQ | 111-1111 | Address of HQ (all) | Tel. | 023-345-3212 | Fiscal closing month | 01月 | Business factors | Approve | Save successfully | Industry classification | New report | is required | Industry category code (main) | Industry category code " classname="And In Credit Management page, I click button Approve(| Credit Management | Accounting | a567 | 0 | Survey institute and information source | Index for accounting system | 帝国データ | 12 | Date of survey | Credit score number | 10 | Trading condition category | 通常取引 | Zip code of HQ | 111-1111 | Address of HQ (all) | Tel. | 023-345-3212 | Fiscal closing month | 01月 | Business factors | Approve | Save successfully | Industry classification | New report | is required | Industry category code (main) | Industry category code (subsidiary) |)" time="0"/>
  <testcase name="And In Credit Management page, I click button Approve(| Credit Management | Accounting | a567 | 0 | Survey institute and information source | Index for accounting system | 帝国データ | 12 | Date of survey | Credit score number | 10 | Trading condition category | 通常取引 | Zip code of HQ | 111-1111 | Address of HQ (all) | Tel. | 023-345-3212 | Fiscal closing month | 01月 | Business factors | Approve | Save successfully | Industry classification | New report | is required | Industry category code (main) | Industry category code " classname="And In Credit Management page, I click button Approve(| Credit Management | Accounting | a567 | 0 | Survey institute and information source | Index for accounting system | 帝国データ | 12 | Date of survey | Credit score number | 10 | Trading condition category | 通常取引 | Zip code of HQ | 111-1111 | Address of HQ (all) | Tel. | 023-345-3212 | Fiscal closing month | 01月 | Business factors | Approve | Save successfully | Industry classification | New report | is required | Industry category code (main) | Industry category code (subsidiary) |)" time="0"/>
  <testcase name="And In Credit Management page, I click button Approve(| Credit Management | Accounting | a567 | 0 | Survey institute and information source | Index for accounting system | 帝国データ | 12 | Date of survey | Credit score number | 10 | Trading condition category | 通常取引 | Zip code of HQ | 111-1111 | Address of HQ (all) | Tel. | 023-345-3212 | Fiscal closing month | 01月 | Business factors | Approve | Save successfully | Industry classification | New report | is required | Industry category code (main) | Industry category code " classname="And In Credit Management page, I click button Approve(| Credit Management | Accounting | a567 | 0 | Survey institute and information source | Index for accounting system | 帝国データ | 12 | Date of survey | Credit score number | 10 | Trading condition category | 通常取引 | Zip code of HQ | 111-1111 | Address of HQ (all) | Tel. | 023-345-3212 | Fiscal closing month | 01月 | Business factors | Approve | Save successfully | Industry classification | New report | is required | Industry category code (main) | Industry category code (subsidiary) |)" time="0"/>
  <testcase name="And In Credit Management page, I click button Approve(| Credit Management | Accounting | a567 | 0 | Survey institute and information source | Index for accounting system | 帝国データ | 12 | Date of survey | Credit score number | 10 | Trading condition category | 通常取引 | Zip code of HQ | 111-1111 | Address of HQ (all) | Tel. | 023-345-3212 | Fiscal closing month | 01月 | Business factors | Approve | Save successfully | Industry classification | New report | is required | Industry category code (main) | Industry category code " classname="And In Credit Management page, I click button Approve(| Credit Management | Accounting | a567 | 0 | Survey institute and information source | Index for accounting system | 帝国データ | 12 | Date of survey | Credit score number | 10 | Trading condition category | 通常取引 | Zip code of HQ | 111-1111 | Address of HQ (all) | Tel. | 023-345-3212 | Fiscal closing month | 01月 | Business factors | Approve | Save successfully | Industry classification | New report | is required | Industry category code (main) | Industry category code (subsidiary) |)" time="0"/>
  <testcase name="And In Credit Management page, I click button Approve(| Credit Management | Accounting | a567 | 0 | Survey institute and information source | Index for accounting system | 帝国データ | 12 | Date of survey | Credit score number | 10 | Trading condition category | 通常取引 | Zip code of HQ | 111-1111 | Address of HQ (all) | Tel. | 023-345-3212 | Fiscal closing month | 01月 | Business factors | Approve | Save successfully | Industry classification | New report | is required | Industry category code (main) | Industry category code " classname="And In Credit Management page, I click button Approve(| Credit Management | Accounting | a567 | 0 | Survey institute and information source | Index for accounting system | 帝国データ | 12 | Date of survey | Credit score number | 10 | Trading condition category | 通常取引 | Zip code of HQ | 111-1111 | Address of HQ (all) | Tel. | 023-345-3212 | Fiscal closing month | 01月 | Business factors | Approve | Save successfully | Industry classification | New report | is required | Industry category code (main) | Industry category code (subsidiary) |)" time="0"/>
  <testcase name="And In Credit Management page, I click button Approve(| Credit Management | Accounting | a567 | 0 | Survey institute and information source | Index for accounting system | 帝国データ | 12 | Date of survey | Credit score number | 10 | Trading condition category | 通常取引 | Zip code of HQ | 111-1111 | Address of HQ (all) | Tel. | 023-345-3212 | Fiscal closing month | 01月 | Business factors | Approve | Save successfully | Industry classification | New report | is required | Industry category code (main) | Industry category code " classname="And In Credit Management page, I click button Approve(| Credit Management | Accounting | a567 | 0 | Survey institute and information source | Index for accounting system | 帝国データ | 12 | Date of survey | Credit score number | 10 | Trading condition category | 通常取引 | Zip code of HQ | 111-1111 | Address of HQ (all) | Tel. | 023-345-3212 | Fiscal closing month | 01月 | Business factors | Approve | Save successfully | Industry classification | New report | is required | Industry category code (main) | Industry category code (subsidiary) |)" time="0"/>
  <testcase name="And In Credit Management page, I click button Approve(| Credit Management | Accounting | a567 | 0 | Survey institute and information source | Index for accounting system | 帝国データ | 12 | Date of survey | Credit score number | 10 | Trading condition category | 通常取引 | Zip code of HQ | 111-1111 | Address of HQ (all) | Tel. | 023-345-3212 | Fiscal closing month | 01月 | Business factors | Approve | Save successfully | Industry classification | New report | is required | Industry category code (main) | Industry category code " classname="And In Credit Management page, I click button Approve(| Credit Management | Accounting | a567 | 0 | Survey institute and information source | Index for accounting system | 帝国データ | 12 | Date of survey | Credit score number | 10 | Trading condition category | 通常取引 | Zip code of HQ | 111-1111 | Address of HQ (all) | Tel. | 023-345-3212 | Fiscal closing month | 01月 | Business factors | Approve | Save successfully | Industry classification | New report | is required | Industry category code (main) | Industry category code (subsidiary) |)" time="0"/>
  <testcase name="And In Credit Management page, I confirm action(| Credit Management | Accounting | a567 | 0 | Survey institute and information source | Index for accounting system | 帝国データ | 12 | Date of survey | Credit score number | 10 | Trading condition category | 通常取引 | Zip code of HQ | 111-1111 | Address of HQ (all) | Tel. | 023-345-3212 | Fiscal closing month | 01月 | Business factors | Approve | Save successfully | Industry classification | New report | is required | Industry category code (main) | Industry category code " classname="And In Credit Management page, I confirm action(| Credit Management | Accounting | a567 | 0 | Survey institute and information source | Index for accounting system | 帝国データ | 12 | Date of survey | Credit score number | 10 | Trading condition category | 通常取引 | Zip code of HQ | 111-1111 | Address of HQ (all) | Tel. | 023-345-3212 | Fiscal closing month | 01月 | Business factors | Approve | Save successfully | Industry classification | New report | is required | Industry category code (main) | Industry category code (subsidiary) |)" time="0"/>
  <testcase name="And In Credit Management page, I confirm action(| Credit Management | Accounting | a567 | 0 | Survey institute and information source | Index for accounting system | 帝国データ | 12 | Date of survey | Credit score number | 10 | Trading condition category | 通常取引 | Zip code of HQ | 111-1111 | Address of HQ (all) | Tel. | 023-345-3212 | Fiscal closing month | 01月 | Business factors | Approve | Save successfully | Industry classification | New report | is required | Industry category code (main) | Industry category code " classname="And In Credit Management page, I confirm action(| Credit Management | Accounting | a567 | 0 | Survey institute and information source | Index for accounting system | 帝国データ | 12 | Date of survey | Credit score number | 10 | Trading condition category | 通常取引 | Zip code of HQ | 111-1111 | Address of HQ (all) | Tel. | 023-345-3212 | Fiscal closing month | 01月 | Business factors | Approve | Save successfully | Industry classification | New report | is required | Industry category code (main) | Industry category code (subsidiary) |)" time="0"/>
  <testcase name="And In Credit Management page, I confirm action(| Credit Management | Accounting | a567 | 0 | Survey institute and information source | Index for accounting system | 帝国データ | 12 | Date of survey | Credit score number | 10 | Trading condition category | 通常取引 | Zip code of HQ | 111-1111 | Address of HQ (all) | Tel. | 023-345-3212 | Fiscal closing month | 01月 | Business factors | Approve | Save successfully | Industry classification | New report | is required | Industry category code (main) | Industry category code " classname="And In Credit Management page, I confirm action(| Credit Management | Accounting | a567 | 0 | Survey institute and information source | Index for accounting system | 帝国データ | 12 | Date of survey | Credit score number | 10 | Trading condition category | 通常取引 | Zip code of HQ | 111-1111 | Address of HQ (all) | Tel. | 023-345-3212 | Fiscal closing month | 01月 | Business factors | Approve | Save successfully | Industry classification | New report | is required | Industry category code (main) | Industry category code (subsidiary) |)" time="0"/>
  <testcase name="And In Credit Management page, I confirm action(| Credit Management | Accounting | a567 | 0 | Survey institute and information source | Index for accounting system | 帝国データ | 12 | Date of survey | Credit score number | 10 | Trading condition category | 通常取引 | Zip code of HQ | 111-1111 | Address of HQ (all) | Tel. | 023-345-3212 | Fiscal closing month | 01月 | Business factors | Approve | Save successfully | Industry classification | New report | is required | Industry category code (main) | Industry category code " classname="And In Credit Management page, I confirm action(| Credit Management | Accounting | a567 | 0 | Survey institute and information source | Index for accounting system | 帝国データ | 12 | Date of survey | Credit score number | 10 | Trading condition category | 通常取引 | Zip code of HQ | 111-1111 | Address of HQ (all) | Tel. | 023-345-3212 | Fiscal closing month | 01月 | Business factors | Approve | Save successfully | Industry classification | New report | is required | Industry category code (main) | Industry category code (subsidiary) |)" time="0"/>
  <testcase name="And In Credit Management page, I confirm action(| Credit Management | Accounting | a567 | 0 | Survey institute and information source | Index for accounting system | 帝国データ | 12 | Date of survey | Credit score number | 10 | Trading condition category | 通常取引 | Zip code of HQ | 111-1111 | Address of HQ (all) | Tel. | 023-345-3212 | Fiscal closing month | 01月 | Business factors | Approve | Save successfully | Industry classification | New report | is required | Industry category code (main) | Industry category code " classname="And In Credit Management page, I confirm action(| Credit Management | Accounting | a567 | 0 | Survey institute and information source | Index for accounting system | 帝国データ | 12 | Date of survey | Credit score number | 10 | Trading condition category | 通常取引 | Zip code of HQ | 111-1111 | Address of HQ (all) | Tel. | 023-345-3212 | Fiscal closing month | 01月 | Business factors | Approve | Save successfully | Industry classification | New report | is required | Industry category code (main) | Industry category code (subsidiary) |)" time="0"/>
  <testcase name="And In Credit Management page, I confirm action(| Credit Management | Accounting | a567 | 0 | Survey institute and information source | Index for accounting system | 帝国データ | 12 | Date of survey | Credit score number | 10 | Trading condition category | 通常取引 | Zip code of HQ | 111-1111 | Address of HQ (all) | Tel. | 023-345-3212 | Fiscal closing month | 01月 | Business factors | Approve | Save successfully | Industry classification | New report | is required | Industry category code (main) | Industry category code " classname="And In Credit Management page, I confirm action(| Credit Management | Accounting | a567 | 0 | Survey institute and information source | Index for accounting system | 帝国データ | 12 | Date of survey | Credit score number | 10 | Trading condition category | 通常取引 | Zip code of HQ | 111-1111 | Address of HQ (all) | Tel. | 023-345-3212 | Fiscal closing month | 01月 | Business factors | Approve | Save successfully | Industry classification | New report | is required | Industry category code (main) | Industry category code (subsidiary) |)" time="0.001"/>
  <testcase name="And In Credit Management page, I confirm action(| Credit Management | Accounting | a567 | 0 | Survey institute and information source | Index for accounting system | 帝国データ | 12 | Date of survey | Credit score number | 10 | Trading condition category | 通常取引 | Zip code of HQ | 111-1111 | Address of HQ (all) | Tel. | 023-345-3212 | Fiscal closing month | 01月 | Business factors | Approve | Save successfully | Industry classification | New report | is required | Industry category code (main) | Industry category code " classname="And In Credit Management page, I confirm action(| Credit Management | Accounting | a567 | 0 | Survey institute and information source | Index for accounting system | 帝国データ | 12 | Date of survey | Credit score number | 10 | Trading condition category | 通常取引 | Zip code of HQ | 111-1111 | Address of HQ (all) | Tel. | 023-345-3212 | Fiscal closing month | 01月 | Business factors | Approve | Save successfully | Industry classification | New report | is required | Industry category code (main) | Industry category code (subsidiary) |)" time="0"/>
  <testcase name="And In Credit Management page, I confirm action(| Credit Management | Accounting | a567 | 0 | Survey institute and information source | Index for accounting system | 帝国データ | 12 | Date of survey | Credit score number | 10 | Trading condition category | 通常取引 | Zip code of HQ | 111-1111 | Address of HQ (all) | Tel. | 023-345-3212 | Fiscal closing month | 01月 | Business factors | Approve | Save successfully | Industry classification | New report | is required | Industry category code (main) | Industry category code " classname="And In Credit Management page, I confirm action(| Credit Management | Accounting | a567 | 0 | Survey institute and information source | Index for accounting system | 帝国データ | 12 | Date of survey | Credit score number | 10 | Trading condition category | 通常取引 | Zip code of HQ | 111-1111 | Address of HQ (all) | Tel. | 023-345-3212 | Fiscal closing month | 01月 | Business factors | Approve | Save successfully | Industry classification | New report | is required | Industry category code (main) | Industry category code (subsidiary) |)" time="0"/>
  <testcase name="And In Credit Management page, I confirm action(| Credit Management | Accounting | a567 | 0 | Survey institute and information source | Index for accounting system | 帝国データ | 12 | Date of survey | Credit score number | 10 | Trading condition category | 通常取引 | Zip code of HQ | 111-1111 | Address of HQ (all) | Tel. | 023-345-3212 | Fiscal closing month | 01月 | Business factors | Approve | Save successfully | Industry classification | New report | is required | Industry category code (main) | Industry category code " classname="And In Credit Management page, I confirm action(| Credit Management | Accounting | a567 | 0 | Survey institute and information source | Index for accounting system | 帝国データ | 12 | Date of survey | Credit score number | 10 | Trading condition category | 通常取引 | Zip code of HQ | 111-1111 | Address of HQ (all) | Tel. | 023-345-3212 | Fiscal closing month | 01月 | Business factors | Approve | Save successfully | Industry classification | New report | is required | Industry category code (main) | Industry category code (subsidiary) |)" time="0"/>
  <testcase name="And In Credit Management page, I confirm action(| Credit Management | Accounting | a567 | 0 | Survey institute and information source | Index for accounting system | 帝国データ | 12 | Date of survey | Credit score number | 10 | Trading condition category | 通常取引 | Zip code of HQ | 111-1111 | Address of HQ (all) | Tel. | 023-345-3212 | Fiscal closing month | 01月 | Business factors | Approve | Save successfully | Industry classification | New report | is required | Industry category code (main) | Industry category code " classname="And In Credit Management page, I confirm action(| Credit Management | Accounting | a567 | 0 | Survey institute and information source | Index for accounting system | 帝国データ | 12 | Date of survey | Credit score number | 10 | Trading condition category | 通常取引 | Zip code of HQ | 111-1111 | Address of HQ (all) | Tel. | 023-345-3212 | Fiscal closing month | 01月 | Business factors | Approve | Save successfully | Industry classification | New report | is required | Industry category code (main) | Industry category code (subsidiary) |)" time="0"/>
  <testcase name="And In Credit Management page, I confirm action(| Credit Management | Accounting | a567 | 0 | Survey institute and information source | Index for accounting system | 帝国データ | 12 | Date of survey | Credit score number | 10 | Trading condition category | 通常取引 | Zip code of HQ | 111-1111 | Address of HQ (all) | Tel. | 023-345-3212 | Fiscal closing month | 01月 | Business factors | Approve | Save successfully | Industry classification | New report | is required | Industry category code (main) | Industry category code " classname="And In Credit Management page, I confirm action(| Credit Management | Accounting | a567 | 0 | Survey institute and information source | Index for accounting system | 帝国データ | 12 | Date of survey | Credit score number | 10 | Trading condition category | 通常取引 | Zip code of HQ | 111-1111 | Address of HQ (all) | Tel. | 023-345-3212 | Fiscal closing month | 01月 | Business factors | Approve | Save successfully | Industry classification | New report | is required | Industry category code (main) | Industry category code (subsidiary) |)" time="0"/>
  <testcase name="And In Credit Management page, I confirm action(| Credit Management | Accounting | a567 | 0 | Survey institute and information source | Index for accounting system | 帝国データ | 12 | Date of survey | Credit score number | 10 | Trading condition category | 通常取引 | Zip code of HQ | 111-1111 | Address of HQ (all) | Tel. | 023-345-3212 | Fiscal closing month | 01月 | Business factors | Approve | Save successfully | Industry classification | New report | is required | Industry category code (main) | Industry category code " classname="And In Credit Management page, I confirm action(| Credit Management | Accounting | a567 | 0 | Survey institute and information source | Index for accounting system | 帝国データ | 12 | Date of survey | Credit score number | 10 | Trading condition category | 通常取引 | Zip code of HQ | 111-1111 | Address of HQ (all) | Tel. | 023-345-3212 | Fiscal closing month | 01月 | Business factors | Approve | Save successfully | Industry classification | New report | is required | Industry category code (main) | Industry category code (subsidiary) |)" time="0"/>
  <testcase name="Then In Credit Management page, System show first message Survey institute and information source is required(| Credit Management | Accounting | a567 | 0 | Survey institute and information source | Index for accounting system | 帝国データ | 12 | Date of survey | Credit score number | 10 | Trading condition category | 通常取引 | Zip code of HQ | 111-1111 | Address of HQ (all) | Tel. | 023-345-3212 | Fiscal closing month | 01月 | Business factors | Approve | Save successfully | Industry classification | New report | is required | Industry category code (main) | Industry category code " classname="Then In Credit Management page, System show first message Survey institute and information source is required(| Credit Management | Accounting | a567 | 0 | Survey institute and information source | Index for accounting system | 帝国データ | 12 | Date of survey | Credit score number | 10 | Trading condition category | 通常取引 | Zip code of HQ | 111-1111 | Address of HQ (all) | Tel. | 023-345-3212 | Fiscal closing month | 01月 | Business factors | Approve | Save successfully | Industry classification | New report | is required | Industry category code (main) | Industry category code (subsidiary) |)" time="0"/>
  <testcase name="When In Credit Management page, I select in Survey institute and information source is 帝国データ(| Credit Management | Accounting | a567 | 0 | Survey institute and information source | Index for accounting system | 帝国データ | 12 | Date of survey | Credit score number | 10 | Trading condition category | 通常取引 | Zip code of HQ | 111-1111 | Address of HQ (all) | Tel. | 023-345-3212 | Fiscal closing month | 01月 | Business factors | Approve | Save successfully | Industry classification | New report | is required | Industry category code (main) | Industry category code " classname="When In Credit Management page, I select in Survey institute and information source is 帝国データ(| Credit Management | Accounting | a567 | 0 | Survey institute and information source | Index for accounting system | 帝国データ | 12 | Date of survey | Credit score number | 10 | Trading condition category | 通常取引 | Zip code of HQ | 111-1111 | Address of HQ (all) | Tel. | 023-345-3212 | Fiscal closing month | 01月 | Business factors | Approve | Save successfully | Industry classification | New report | is required | Industry category code (main) | Industry category code (subsidiary) |)" time="0"/>
  <testcase name="Then In Credit Management page, System show first message Date of survey is required(| Credit Management | Accounting | a567 | 0 | Survey institute and information source | Index for accounting system | 帝国データ | 12 | Date of survey | Credit score number | 10 | Trading condition category | 通常取引 | Zip code of HQ | 111-1111 | Address of HQ (all) | Tel. | 023-345-3212 | Fiscal closing month | 01月 | Business factors | Approve | Save successfully | Industry classification | New report | is required | Industry category code (main) | Industry category code " classname="Then In Credit Management page, System show first message Date of survey is required(| Credit Management | Accounting | a567 | 0 | Survey institute and information source | Index for accounting system | 帝国データ | 12 | Date of survey | Credit score number | 10 | Trading condition category | 通常取引 | Zip code of HQ | 111-1111 | Address of HQ (all) | Tel. | 023-345-3212 | Fiscal closing month | 01月 | Business factors | Approve | Save successfully | Industry classification | New report | is required | Industry category code (main) | Industry category code (subsidiary) |)" time="0"/>
  <testcase name="When In Credit Management page, I change survey date to next day of selected record(| Credit Management | Accounting | a567 | 0 | Survey institute and information source | Index for accounting system | 帝国データ | 12 | Date of survey | Credit score number | 10 | Trading condition category | 通常取引 | Zip code of HQ | 111-1111 | Address of HQ (all) | Tel. | 023-345-3212 | Fiscal closing month | 01月 | Business factors | Approve | Save successfully | Industry classification | New report | is required | Industry category code (main) | Industry category code " classname="When In Credit Management page, I change survey date to next day of selected record(| Credit Management | Accounting | a567 | 0 | Survey institute and information source | Index for accounting system | 帝国データ | 12 | Date of survey | Credit score number | 10 | Trading condition category | 通常取引 | Zip code of HQ | 111-1111 | Address of HQ (all) | Tel. | 023-345-3212 | Fiscal closing month | 01月 | Business factors | Approve | Save successfully | Industry classification | New report | is required | Industry category code (main) | Industry category code (subsidiary) |)" time="0"/>
  <testcase name="Then In Credit Management page, System show first message Index for accounting system is required(| Credit Management | Accounting | a567 | 0 | Survey institute and information source | Index for accounting system | 帝国データ | 12 | Date of survey | Credit score number | 10 | Trading condition category | 通常取引 | Zip code of HQ | 111-1111 | Address of HQ (all) | Tel. | 023-345-3212 | Fiscal closing month | 01月 | Business factors | Approve | Save successfully | Industry classification | New report | is required | Industry category code (main) | Industry category code " classname="Then In Credit Management page, System show first message Index for accounting system is required(| Credit Management | Accounting | a567 | 0 | Survey institute and information source | Index for accounting system | 帝国データ | 12 | Date of survey | Credit score number | 10 | Trading condition category | 通常取引 | Zip code of HQ | 111-1111 | Address of HQ (all) | Tel. | 023-345-3212 | Fiscal closing month | 01月 | Business factors | Approve | Save successfully | Industry classification | New report | is required | Industry category code (main) | Industry category code (subsidiary) |)" time="0"/>
  <testcase name="When In Credit Management page, I type in Index for accounting system is 12(| Credit Management | Accounting | a567 | 0 | Survey institute and information source | Index for accounting system | 帝国データ | 12 | Date of survey | Credit score number | 10 | Trading condition category | 通常取引 | Zip code of HQ | 111-1111 | Address of HQ (all) | Tel. | 023-345-3212 | Fiscal closing month | 01月 | Business factors | Approve | Save successfully | Industry classification | New report | is required | Industry category code (main) | Industry category code " classname="When In Credit Management page, I type in Index for accounting system is 12(| Credit Management | Accounting | a567 | 0 | Survey institute and information source | Index for accounting system | 帝国データ | 12 | Date of survey | Credit score number | 10 | Trading condition category | 通常取引 | Zip code of HQ | 111-1111 | Address of HQ (all) | Tel. | 023-345-3212 | Fiscal closing month | 01月 | Business factors | Approve | Save successfully | Industry classification | New report | is required | Industry category code (main) | Industry category code (subsidiary) |)" time="0"/>
  <testcase name="Then In Credit Management page, System show first message Credit score number is required(| Credit Management | Accounting | a567 | 0 | Survey institute and information source | Index for accounting system | 帝国データ | 12 | Date of survey | Credit score number | 10 | Trading condition category | 通常取引 | Zip code of HQ | 111-1111 | Address of HQ (all) | Tel. | 023-345-3212 | Fiscal closing month | 01月 | Business factors | Approve | Save successfully | Industry classification | New report | is required | Industry category code (main) | Industry category code " classname="Then In Credit Management page, System show first message Credit score number is required(| Credit Management | Accounting | a567 | 0 | Survey institute and information source | Index for accounting system | 帝国データ | 12 | Date of survey | Credit score number | 10 | Trading condition category | 通常取引 | Zip code of HQ | 111-1111 | Address of HQ (all) | Tel. | 023-345-3212 | Fiscal closing month | 01月 | Business factors | Approve | Save successfully | Industry classification | New report | is required | Industry category code (main) | Industry category code (subsidiary) |)" time="0"/>
  <testcase name="When In Credit Management page, I type in Credit score number is 10(| Credit Management | Accounting | a567 | 0 | Survey institute and information source | Index for accounting system | 帝国データ | 12 | Date of survey | Credit score number | 10 | Trading condition category | 通常取引 | Zip code of HQ | 111-1111 | Address of HQ (all) | Tel. | 023-345-3212 | Fiscal closing month | 01月 | Business factors | Approve | Save successfully | Industry classification | New report | is required | Industry category code (main) | Industry category code " classname="When In Credit Management page, I type in Credit score number is 10(| Credit Management | Accounting | a567 | 0 | Survey institute and information source | Index for accounting system | 帝国データ | 12 | Date of survey | Credit score number | 10 | Trading condition category | 通常取引 | Zip code of HQ | 111-1111 | Address of HQ (all) | Tel. | 023-345-3212 | Fiscal closing month | 01月 | Business factors | Approve | Save successfully | Industry classification | New report | is required | Industry category code (main) | Industry category code (subsidiary) |)" time="0"/>
  <testcase name="Then In Credit Management page, System show first message Trading condition category is required(| Credit Management | Accounting | a567 | 0 | Survey institute and information source | Index for accounting system | 帝国データ | 12 | Date of survey | Credit score number | 10 | Trading condition category | 通常取引 | Zip code of HQ | 111-1111 | Address of HQ (all) | Tel. | 023-345-3212 | Fiscal closing month | 01月 | Business factors | Approve | Save successfully | Industry classification | New report | is required | Industry category code (main) | Industry category code " classname="Then In Credit Management page, System show first message Trading condition category is required(| Credit Management | Accounting | a567 | 0 | Survey institute and information source | Index for accounting system | 帝国データ | 12 | Date of survey | Credit score number | 10 | Trading condition category | 通常取引 | Zip code of HQ | 111-1111 | Address of HQ (all) | Tel. | 023-345-3212 | Fiscal closing month | 01月 | Business factors | Approve | Save successfully | Industry classification | New report | is required | Industry category code (main) | Industry category code (subsidiary) |)" time="0"/>
  <testcase name="When In Credit Management page, I select in Trading condition category is 通常取引(| Credit Management | Accounting | a567 | 0 | Survey institute and information source | Index for accounting system | 帝国データ | 12 | Date of survey | Credit score number | 10 | Trading condition category | 通常取引 | Zip code of HQ | 111-1111 | Address of HQ (all) | Tel. | 023-345-3212 | Fiscal closing month | 01月 | Business factors | Approve | Save successfully | Industry classification | New report | is required | Industry category code (main) | Industry category code " classname="When In Credit Management page, I select in Trading condition category is 通常取引(| Credit Management | Accounting | a567 | 0 | Survey institute and information source | Index for accounting system | 帝国データ | 12 | Date of survey | Credit score number | 10 | Trading condition category | 通常取引 | Zip code of HQ | 111-1111 | Address of HQ (all) | Tel. | 023-345-3212 | Fiscal closing month | 01月 | Business factors | Approve | Save successfully | Industry classification | New report | is required | Industry category code (main) | Industry category code (subsidiary) |)" time="0"/>
  <testcase name="Then In Credit Management page, System show first message Zip code of HQ is required(| Credit Management | Accounting | a567 | 0 | Survey institute and information source | Index for accounting system | 帝国データ | 12 | Date of survey | Credit score number | 10 | Trading condition category | 通常取引 | Zip code of HQ | 111-1111 | Address of HQ (all) | Tel. | 023-345-3212 | Fiscal closing month | 01月 | Business factors | Approve | Save successfully | Industry classification | New report | is required | Industry category code (main) | Industry category code " classname="Then In Credit Management page, System show first message Zip code of HQ is required(| Credit Management | Accounting | a567 | 0 | Survey institute and information source | Index for accounting system | 帝国データ | 12 | Date of survey | Credit score number | 10 | Trading condition category | 通常取引 | Zip code of HQ | 111-1111 | Address of HQ (all) | Tel. | 023-345-3212 | Fiscal closing month | 01月 | Business factors | Approve | Save successfully | Industry classification | New report | is required | Industry category code (main) | Industry category code (subsidiary) |)" time="0"/>
  <testcase name="When In Credit Management page, I select tab have name is Business factors(| Credit Management | Accounting | a567 | 0 | Survey institute and information source | Index for accounting system | 帝国データ | 12 | Date of survey | Credit score number | 10 | Trading condition category | 通常取引 | Zip code of HQ | 111-1111 | Address of HQ (all) | Tel. | 023-345-3212 | Fiscal closing month | 01月 | Business factors | Approve | Save successfully | Industry classification | New report | is required | Industry category code (main) | Industry category code " classname="When In Credit Management page, I select tab have name is Business factors(| Credit Management | Accounting | a567 | 0 | Survey institute and information source | Index for accounting system | 帝国データ | 12 | Date of survey | Credit score number | 10 | Trading condition category | 通常取引 | Zip code of HQ | 111-1111 | Address of HQ (all) | Tel. | 023-345-3212 | Fiscal closing month | 01月 | Business factors | Approve | Save successfully | Industry classification | New report | is required | Industry category code (main) | Industry category code (subsidiary) |)" time="0"/>
  <testcase name="When In Credit Management page, I select tab have name is Business factors(| Credit Management | Accounting | a567 | 0 | Survey institute and information source | Index for accounting system | 帝国データ | 12 | Date of survey | Credit score number | 10 | Trading condition category | 通常取引 | Zip code of HQ | 111-1111 | Address of HQ (all) | Tel. | 023-345-3212 | Fiscal closing month | 01月 | Business factors | Approve | Save successfully | Industry classification | New report | is required | Industry category code (main) | Industry category code " classname="When In Credit Management page, I select tab have name is Business factors(| Credit Management | Accounting | a567 | 0 | Survey institute and information source | Index for accounting system | 帝国データ | 12 | Date of survey | Credit score number | 10 | Trading condition category | 通常取引 | Zip code of HQ | 111-1111 | Address of HQ (all) | Tel. | 023-345-3212 | Fiscal closing month | 01月 | Business factors | Approve | Save successfully | Industry classification | New report | is required | Industry category code (main) | Industry category code (subsidiary) |)" time="0"/>
  <testcase name="When In Credit Management page, I select tab have name is Business factors(| Credit Management | Accounting | a567 | 0 | Survey institute and information source | Index for accounting system | 帝国データ | 12 | Date of survey | Credit score number | 10 | Trading condition category | 通常取引 | Zip code of HQ | 111-1111 | Address of HQ (all) | Tel. | 023-345-3212 | Fiscal closing month | 01月 | Business factors | Approve | Save successfully | Industry classification | New report | is required | Industry category code (main) | Industry category code " classname="When In Credit Management page, I select tab have name is Business factors(| Credit Management | Accounting | a567 | 0 | Survey institute and information source | Index for accounting system | 帝国データ | 12 | Date of survey | Credit score number | 10 | Trading condition category | 通常取引 | Zip code of HQ | 111-1111 | Address of HQ (all) | Tel. | 023-345-3212 | Fiscal closing month | 01月 | Business factors | Approve | Save successfully | Industry classification | New report | is required | Industry category code (main) | Industry category code (subsidiary) |)" time="0"/>
  <testcase name="When In Credit Management page, I select tab have name is Business factors(| Credit Management | Accounting | a567 | 0 | Survey institute and information source | Index for accounting system | 帝国データ | 12 | Date of survey | Credit score number | 10 | Trading condition category | 通常取引 | Zip code of HQ | 111-1111 | Address of HQ (all) | Tel. | 023-345-3212 | Fiscal closing month | 01月 | Business factors | Approve | Save successfully | Industry classification | New report | is required | Industry category code (main) | Industry category code " classname="When In Credit Management page, I select tab have name is Business factors(| Credit Management | Accounting | a567 | 0 | Survey institute and information source | Index for accounting system | 帝国データ | 12 | Date of survey | Credit score number | 10 | Trading condition category | 通常取引 | Zip code of HQ | 111-1111 | Address of HQ (all) | Tel. | 023-345-3212 | Fiscal closing month | 01月 | Business factors | Approve | Save successfully | Industry classification | New report | is required | Industry category code (main) | Industry category code (subsidiary) |)" time="0"/>
  <testcase name="And In Credit Management page, I type in Zip code of HQ is 111-1111(| Credit Management | Accounting | a567 | 0 | Survey institute and information source | Index for accounting system | 帝国データ | 12 | Date of survey | Credit score number | 10 | Trading condition category | 通常取引 | Zip code of HQ | 111-1111 | Address of HQ (all) | Tel. | 023-345-3212 | Fiscal closing month | 01月 | Business factors | Approve | Save successfully | Industry classification | New report | is required | Industry category code (main) | Industry category code " classname="And In Credit Management page, I type in Zip code of HQ is 111-1111(| Credit Management | Accounting | a567 | 0 | Survey institute and information source | Index for accounting system | 帝国データ | 12 | Date of survey | Credit score number | 10 | Trading condition category | 通常取引 | Zip code of HQ | 111-1111 | Address of HQ (all) | Tel. | 023-345-3212 | Fiscal closing month | 01月 | Business factors | Approve | Save successfully | Industry classification | New report | is required | Industry category code (main) | Industry category code (subsidiary) |)" time="0"/>
  <testcase name="Then In Credit Management page, System show first message Address of HQ (all) is required(| Credit Management | Accounting | a567 | 0 | Survey institute and information source | Index for accounting system | 帝国データ | 12 | Date of survey | Credit score number | 10 | Trading condition category | 通常取引 | Zip code of HQ | 111-1111 | Address of HQ (all) | Tel. | 023-345-3212 | Fiscal closing month | 01月 | Business factors | Approve | Save successfully | Industry classification | New report | is required | Industry category code (main) | Industry category code " classname="Then In Credit Management page, System show first message Address of HQ (all) is required(| Credit Management | Accounting | a567 | 0 | Survey institute and information source | Index for accounting system | 帝国データ | 12 | Date of survey | Credit score number | 10 | Trading condition category | 通常取引 | Zip code of HQ | 111-1111 | Address of HQ (all) | Tel. | 023-345-3212 | Fiscal closing month | 01月 | Business factors | Approve | Save successfully | Industry classification | New report | is required | Industry category code (main) | Industry category code (subsidiary) |)" time="0"/>
  <testcase name="And In Credit Management page, I type in Address of HQ (all) is 111-1111(| Credit Management | Accounting | a567 | 0 | Survey institute and information source | Index for accounting system | 帝国データ | 12 | Date of survey | Credit score number | 10 | Trading condition category | 通常取引 | Zip code of HQ | 111-1111 | Address of HQ (all) | Tel. | 023-345-3212 | Fiscal closing month | 01月 | Business factors | Approve | Save successfully | Industry classification | New report | is required | Industry category code (main) | Industry category code " classname="And In Credit Management page, I type in Address of HQ (all) is 111-1111(| Credit Management | Accounting | a567 | 0 | Survey institute and information source | Index for accounting system | 帝国データ | 12 | Date of survey | Credit score number | 10 | Trading condition category | 通常取引 | Zip code of HQ | 111-1111 | Address of HQ (all) | Tel. | 023-345-3212 | Fiscal closing month | 01月 | Business factors | Approve | Save successfully | Industry classification | New report | is required | Industry category code (main) | Industry category code (subsidiary) |)" time="0"/>
  <testcase name="Then In Credit Management page, System show first message Tel. is required(| Credit Management | Accounting | a567 | 0 | Survey institute and information source | Index for accounting system | 帝国データ | 12 | Date of survey | Credit score number | 10 | Trading condition category | 通常取引 | Zip code of HQ | 111-1111 | Address of HQ (all) | Tel. | 023-345-3212 | Fiscal closing month | 01月 | Business factors | Approve | Save successfully | Industry classification | New report | is required | Industry category code (main) | Industry category code " classname="Then In Credit Management page, System show first message Tel. is required(| Credit Management | Accounting | a567 | 0 | Survey institute and information source | Index for accounting system | 帝国データ | 12 | Date of survey | Credit score number | 10 | Trading condition category | 通常取引 | Zip code of HQ | 111-1111 | Address of HQ (all) | Tel. | 023-345-3212 | Fiscal closing month | 01月 | Business factors | Approve | Save successfully | Industry classification | New report | is required | Industry category code (main) | Industry category code (subsidiary) |)" time="0"/>
  <testcase name="And In Credit Management page, I type in Tel. is 023-345-3212(| Credit Management | Accounting | a567 | 0 | Survey institute and information source | Index for accounting system | 帝国データ | 12 | Date of survey | Credit score number | 10 | Trading condition category | 通常取引 | Zip code of HQ | 111-1111 | Address of HQ (all) | Tel. | 023-345-3212 | Fiscal closing month | 01月 | Business factors | Approve | Save successfully | Industry classification | New report | is required | Industry category code (main) | Industry category code " classname="And In Credit Management page, I type in Tel. is 023-345-3212(| Credit Management | Accounting | a567 | 0 | Survey institute and information source | Index for accounting system | 帝国データ | 12 | Date of survey | Credit score number | 10 | Trading condition category | 通常取引 | Zip code of HQ | 111-1111 | Address of HQ (all) | Tel. | 023-345-3212 | Fiscal closing month | 01月 | Business factors | Approve | Save successfully | Industry classification | New report | is required | Industry category code (main) | Industry category code (subsidiary) |)" time="0"/>
  <testcase name="And In Credit Management page, I select in Fiscal closing month is 01月(| Credit Management | Accounting | a567 | 0 | Survey institute and information source | Index for accounting system | 帝国データ | 12 | Date of survey | Credit score number | 10 | Trading condition category | 通常取引 | Zip code of HQ | 111-1111 | Address of HQ (all) | Tel. | 023-345-3212 | Fiscal closing month | 01月 | Business factors | Approve | Save successfully | Industry classification | New report | is required | Industry category code (main) | Industry category code " classname="And In Credit Management page, I select in Fiscal closing month is 01月(| Credit Management | Accounting | a567 | 0 | Survey institute and information source | Index for accounting system | 帝国データ | 12 | Date of survey | Credit score number | 10 | Trading condition category | 通常取引 | Zip code of HQ | 111-1111 | Address of HQ (all) | Tel. | 023-345-3212 | Fiscal closing month | 01月 | Business factors | Approve | Save successfully | Industry classification | New report | is required | Industry category code (main) | Industry category code (subsidiary) |)" time="0"/>
  <testcase name="Then In Credit Management page, System show first message Industry category code (main) is required(| Credit Management | Accounting | a567 | 0 | Survey institute and information source | Index for accounting system | 帝国データ | 12 | Date of survey | Credit score number | 10 | Trading condition category | 通常取引 | Zip code of HQ | 111-1111 | Address of HQ (all) | Tel. | 023-345-3212 | Fiscal closing month | 01月 | Business factors | Approve | Save successfully | Industry classification | New report | is required | Industry category code (main) | Industry category code " classname="Then In Credit Management page, System show first message Industry category code (main) is required(| Credit Management | Accounting | a567 | 0 | Survey institute and information source | Index for accounting system | 帝国データ | 12 | Date of survey | Credit score number | 10 | Trading condition category | 通常取引 | Zip code of HQ | 111-1111 | Address of HQ (all) | Tel. | 023-345-3212 | Fiscal closing month | 01月 | Business factors | Approve | Save successfully | Industry classification | New report | is required | Industry category code (main) | Industry category code (subsidiary) |)" time="0"/>
  <testcase name="When In Credit Management page, I select tab have name is Industry classification(| Credit Management | Accounting | a567 | 0 | Survey institute and information source | Index for accounting system | 帝国データ | 12 | Date of survey | Credit score number | 10 | Trading condition category | 通常取引 | Zip code of HQ | 111-1111 | Address of HQ (all) | Tel. | 023-345-3212 | Fiscal closing month | 01月 | Business factors | Approve | Save successfully | Industry classification | New report | is required | Industry category code (main) | Industry category code " classname="When In Credit Management page, I select tab have name is Industry classification(| Credit Management | Accounting | a567 | 0 | Survey institute and information source | Index for accounting system | 帝国データ | 12 | Date of survey | Credit score number | 10 | Trading condition category | 通常取引 | Zip code of HQ | 111-1111 | Address of HQ (all) | Tel. | 023-345-3212 | Fiscal closing month | 01月 | Business factors | Approve | Save successfully | Industry classification | New report | is required | Industry category code (main) | Industry category code (subsidiary) |)" time="0"/>
  <testcase name="When In Credit Management page, I select tab have name is Industry classification(| Credit Management | Accounting | a567 | 0 | Survey institute and information source | Index for accounting system | 帝国データ | 12 | Date of survey | Credit score number | 10 | Trading condition category | 通常取引 | Zip code of HQ | 111-1111 | Address of HQ (all) | Tel. | 023-345-3212 | Fiscal closing month | 01月 | Business factors | Approve | Save successfully | Industry classification | New report | is required | Industry category code (main) | Industry category code " classname="When In Credit Management page, I select tab have name is Industry classification(| Credit Management | Accounting | a567 | 0 | Survey institute and information source | Index for accounting system | 帝国データ | 12 | Date of survey | Credit score number | 10 | Trading condition category | 通常取引 | Zip code of HQ | 111-1111 | Address of HQ (all) | Tel. | 023-345-3212 | Fiscal closing month | 01月 | Business factors | Approve | Save successfully | Industry classification | New report | is required | Industry category code (main) | Industry category code (subsidiary) |)" time="0"/>
  <testcase name="And In Credit Management page, fields required can input(| Credit Management | Accounting | a567 | 0 | Survey institute and information source | Index for accounting system | 帝国データ | 12 | Date of survey | Credit score number | 10 | Trading condition category | 通常取引 | Zip code of HQ | 111-1111 | Address of HQ (all) | Tel. | 023-345-3212 | Fiscal closing month | 01月 | Business factors | Approve | Save successfully | Industry classification | New report | is required | Industry category code (main) | Industry category code " classname="And In Credit Management page, fields required can input(| Credit Management | Accounting | a567 | 0 | Survey institute and information source | Index for accounting system | 帝国データ | 12 | Date of survey | Credit score number | 10 | Trading condition category | 通常取引 | Zip code of HQ | 111-1111 | Address of HQ (all) | Tel. | 023-345-3212 | Fiscal closing month | 01月 | Business factors | Approve | Save successfully | Industry classification | New report | is required | Industry category code (main) | Industry category code (subsidiary) |)" time="0"/>
  <testcase name="And In Credit Management page, fields required can input(| Credit Management | Accounting | a567 | 0 | Survey institute and information source | Index for accounting system | 帝国データ | 12 | Date of survey | Credit score number | 10 | Trading condition category | 通常取引 | Zip code of HQ | 111-1111 | Address of HQ (all) | Tel. | 023-345-3212 | Fiscal closing month | 01月 | Business factors | Approve | Save successfully | Industry classification | New report | is required | Industry category code (main) | Industry category code " classname="And In Credit Management page, fields required can input(| Credit Management | Accounting | a567 | 0 | Survey institute and information source | Index for accounting system | 帝国データ | 12 | Date of survey | Credit score number | 10 | Trading condition category | 通常取引 | Zip code of HQ | 111-1111 | Address of HQ (all) | Tel. | 023-345-3212 | Fiscal closing month | 01月 | Business factors | Approve | Save successfully | Industry classification | New report | is required | Industry category code (main) | Industry category code (subsidiary) |)" time="0"/>
  <testcase name="Then In Credit Management page, System show first message Industry category code (subsidiary) is required(| Credit Management | Accounting | a567 | 0 | Survey institute and information source | Index for accounting system | 帝国データ | 12 | Date of survey | Credit score number | 10 | Trading condition category | 通常取引 | Zip code of HQ | 111-1111 | Address of HQ (all) | Tel. | 023-345-3212 | Fiscal closing month | 01月 | Business factors | Approve | Save successfully | Industry classification | New report | is required | Industry category code (main) | Industry category code " classname="Then In Credit Management page, System show first message Industry category code (subsidiary) is required(| Credit Management | Accounting | a567 | 0 | Survey institute and information source | Index for accounting system | 帝国データ | 12 | Date of survey | Credit score number | 10 | Trading condition category | 通常取引 | Zip code of HQ | 111-1111 | Address of HQ (all) | Tel. | 023-345-3212 | Fiscal closing month | 01月 | Business factors | Approve | Save successfully | Industry classification | New report | is required | Industry category code (main) | Industry category code (subsidiary) |)" time="0"/>
  <testcase name="Then In Credit Management page, System show message Save successfully(| Credit Management | Accounting | a567 | 0 | Survey institute and information source | Index for accounting system | 帝国データ | 12 | Date of survey | Credit score number | 10 | Trading condition category | 通常取引 | Zip code of HQ | 111-1111 | Address of HQ (all) | Tel. | 023-345-3212 | Fiscal closing month | 01月 | Business factors | Approve | Save successfully | Industry classification | New report | is required | Industry category code (main) | Industry category code " classname="Then In Credit Management page, System show message Save successfully(| Credit Management | Accounting | a567 | 0 | Survey institute and information source | Index for accounting system | 帝国データ | 12 | Date of survey | Credit score number | 10 | Trading condition category | 通常取引 | Zip code of HQ | 111-1111 | Address of HQ (all) | Tel. | 023-345-3212 | Fiscal closing month | 01月 | Business factors | Approve | Save successfully | Industry classification | New report | is required | Industry category code (main) | Industry category code (subsidiary) |)" time="0"/>
  <testcase name="| Credit Management | Accounting | a567 | 0 | Survey institute and information source | Index for accounting system | 帝国データ | 12 | Date of survey | Credit score number | 10 | Trading condition category | 通常取引 | Zip code of HQ | 111-1111 | Address of HQ (all) | Tel. | 023-345-3212 | Fiscal closing month | 01月 | Business factors | Approve | Save successfully | Industry classification | New report | is required | Industry category code (main) | Industry category code " classname="| Credit Management | Accounting | a567 | 0 | Survey institute and information source | Index for accounting system | 帝国データ | 12 | Date of survey | Credit score number | 10 | Trading condition category | 通常取引 | Zip code of HQ | 111-1111 | Address of HQ (all) | Tel. | 023-345-3212 | Fiscal closing month | 01月 | Business factors | Approve | Save successfully | Industry classification | New report | is required | Industry category code (main) | Industry category code (subsidiary) |" time="1.879"/>
  <testcase name="When I open submenu Credit Management of menu Accounting(| Credit Management | Accounting | a567 | 0 | Survey institute and information source | Index for accounting system | 帝国データ | 12 | Credit score number | 10 | Trading condition category | 通常取引 | Zip code of HQ | 111-1111 | Address of HQ " classname="When I open submenu Credit Management of menu Accounting(| Credit Management | Accounting | a567 | 0 | Survey institute and information source | Index for accounting system | 帝国データ | 12 | Credit score number | 10 | Trading condition category | 通常取引 | Zip code of HQ | 111-1111 | Address of HQ (all) | Tel. | 023-345-3212 | Fiscal closing month | 01月 | Business factors | Approve | Save successfully | Industry classification | New report | Approve | Input customer data | name1,name2 | Provider | Generate in input customer data |)" time="0"/>
  <testcase name="And I search customer by code a567(| Credit Management | Accounting | a567 | 0 | Survey institute and information source | Index for accounting system | 帝国データ | 12 | Credit score number | 10 | Trading condition category | 通常取引 | Zip code of HQ | 111-1111 | Address of HQ " classname="And I search customer by code a567(| Credit Management | Accounting | a567 | 0 | Survey institute and information source | Index for accounting system | 帝国データ | 12 | Credit score number | 10 | Trading condition category | 通常取引 | Zip code of HQ | 111-1111 | Address of HQ (all) | Tel. | 023-345-3212 | Fiscal closing month | 01月 | Business factors | Approve | Save successfully | Industry classification | New report | Approve | Input customer data | name1,name2 | Provider | Generate in input customer data |)" time="0"/>
  <testcase name="And I click checkbox left of a row 0 into table result(| Credit Management | Accounting | a567 | 0 | Survey institute and information source | Index for accounting system | 帝国データ | 12 | Credit score number | 10 | Trading condition category | 通常取引 | Zip code of HQ | 111-1111 | Address of HQ " classname="And I click checkbox left of a row 0 into table result(| Credit Management | Accounting | a567 | 0 | Survey institute and information source | Index for accounting system | 帝国データ | 12 | Credit score number | 10 | Trading condition category | 通常取引 | Zip code of HQ | 111-1111 | Address of HQ (all) | Tel. | 023-345-3212 | Fiscal closing month | 01月 | Business factors | Approve | Save successfully | Industry classification | New report | Approve | Input customer data | name1,name2 | Provider | Generate in input customer data |)" time="0"/>
  <testcase name="And In accounting screen, I click button select(| Credit Management | Accounting | a567 | 0 | Survey institute and information source | Index for accounting system | 帝国データ | 12 | Credit score number | 10 | Trading condition category | 通常取引 | Zip code of HQ | 111-1111 | Address of HQ " classname="And In accounting screen, I click button select(| Credit Management | Accounting | a567 | 0 | Survey institute and information source | Index for accounting system | 帝国データ | 12 | Credit score number | 10 | Trading condition category | 通常取引 | Zip code of HQ | 111-1111 | Address of HQ (all) | Tel. | 023-345-3212 | Fiscal closing month | 01月 | Business factors | Approve | Save successfully | Industry classification | New report | Approve | Input customer data | name1,name2 | Provider | Generate in input customer data |)" time="0"/>
  <testcase name="And In Credit Management page, I click record 0 in table Credit History in bottom with View enable(| Credit Management | Accounting | a567 | 0 | Survey institute and information source | Index for accounting system | 帝国データ | 12 | Credit score number | 10 | Trading condition category | 通常取引 | Zip code of HQ | 111-1111 | Address of HQ " classname="And In Credit Management page, I click record 0 in table Credit History in bottom with View enable(| Credit Management | Accounting | a567 | 0 | Survey institute and information source | Index for accounting system | 帝国データ | 12 | Credit score number | 10 | Trading condition category | 通常取引 | Zip code of HQ | 111-1111 | Address of HQ (all) | Tel. | 023-345-3212 | Fiscal closing month | 01月 | Business factors | Approve | Save successfully | Industry classification | New report | Approve | Input customer data | name1,name2 | Provider | Generate in input customer data |)" time="0"/>
  <testcase name="And In Credit Management page, I click button New report(| Credit Management | Accounting | a567 | 0 | Survey institute and information source | Index for accounting system | 帝国データ | 12 | Credit score number | 10 | Trading condition category | 通常取引 | Zip code of HQ | 111-1111 | Address of HQ " classname="And In Credit Management page, I click button New report(| Credit Management | Accounting | a567 | 0 | Survey institute and information source | Index for accounting system | 帝国データ | 12 | Credit score number | 10 | Trading condition category | 通常取引 | Zip code of HQ | 111-1111 | Address of HQ (all) | Tel. | 023-345-3212 | Fiscal closing month | 01月 | Business factors | Approve | Save successfully | Industry classification | New report | Approve | Input customer data | name1,name2 | Provider | Generate in input customer data |)" time="0"/>
  <testcase name="And In Credit Management page, I select in Survey institute and information source is 帝国データ(| Credit Management | Accounting | a567 | 0 | Survey institute and information source | Index for accounting system | 帝国データ | 12 | Credit score number | 10 | Trading condition category | 通常取引 | Zip code of HQ | 111-1111 | Address of HQ " classname="And In Credit Management page, I select in Survey institute and information source is 帝国データ(| Credit Management | Accounting | a567 | 0 | Survey institute and information source | Index for accounting system | 帝国データ | 12 | Credit score number | 10 | Trading condition category | 通常取引 | Zip code of HQ | 111-1111 | Address of HQ (all) | Tel. | 023-345-3212 | Fiscal closing month | 01月 | Business factors | Approve | Save successfully | Industry classification | New report | Approve | Input customer data | name1,name2 | Provider | Generate in input customer data |)" time="0"/>
  <testcase name="And In Credit Management page, I change survey date to next day of selected record(| Credit Management | Accounting | a567 | 0 | Survey institute and information source | Index for accounting system | 帝国データ | 12 | Credit score number | 10 | Trading condition category | 通常取引 | Zip code of HQ | 111-1111 | Address of HQ " classname="And In Credit Management page, I change survey date to next day of selected record(| Credit Management | Accounting | a567 | 0 | Survey institute and information source | Index for accounting system | 帝国データ | 12 | Credit score number | 10 | Trading condition category | 通常取引 | Zip code of HQ | 111-1111 | Address of HQ (all) | Tel. | 023-345-3212 | Fiscal closing month | 01月 | Business factors | Approve | Save successfully | Industry classification | New report | Approve | Input customer data | name1,name2 | Provider | Generate in input customer data |)" time="0"/>
  <testcase name="And In Credit Management page, I type in Index for accounting system is 12(| Credit Management | Accounting | a567 | 0 | Survey institute and information source | Index for accounting system | 帝国データ | 12 | Credit score number | 10 | Trading condition category | 通常取引 | Zip code of HQ | 111-1111 | Address of HQ " classname="And In Credit Management page, I type in Index for accounting system is 12(| Credit Management | Accounting | a567 | 0 | Survey institute and information source | Index for accounting system | 帝国データ | 12 | Credit score number | 10 | Trading condition category | 通常取引 | Zip code of HQ | 111-1111 | Address of HQ (all) | Tel. | 023-345-3212 | Fiscal closing month | 01月 | Business factors | Approve | Save successfully | Industry classification | New report | Approve | Input customer data | name1,name2 | Provider | Generate in input customer data |)" time="0"/>
  <testcase name="And In Credit Management page, I type in Credit score number is 10(| Credit Management | Accounting | a567 | 0 | Survey institute and information source | Index for accounting system | 帝国データ | 12 | Credit score number | 10 | Trading condition category | 通常取引 | Zip code of HQ | 111-1111 | Address of HQ " classname="And In Credit Management page, I type in Credit score number is 10(| Credit Management | Accounting | a567 | 0 | Survey institute and information source | Index for accounting system | 帝国データ | 12 | Credit score number | 10 | Trading condition category | 通常取引 | Zip code of HQ | 111-1111 | Address of HQ (all) | Tel. | 023-345-3212 | Fiscal closing month | 01月 | Business factors | Approve | Save successfully | Industry classification | New report | Approve | Input customer data | name1,name2 | Provider | Generate in input customer data |)" time="0"/>
  <testcase name="And In Credit Management page, I select in Trading condition category is 通常取引(| Credit Management | Accounting | a567 | 0 | Survey institute and information source | Index for accounting system | 帝国データ | 12 | Credit score number | 10 | Trading condition category | 通常取引 | Zip code of HQ | 111-1111 | Address of HQ " classname="And In Credit Management page, I select in Trading condition category is 通常取引(| Credit Management | Accounting | a567 | 0 | Survey institute and information source | Index for accounting system | 帝国データ | 12 | Credit score number | 10 | Trading condition category | 通常取引 | Zip code of HQ | 111-1111 | Address of HQ (all) | Tel. | 023-345-3212 | Fiscal closing month | 01月 | Business factors | Approve | Save successfully | Industry classification | New report | Approve | Input customer data | name1,name2 | Provider | Generate in input customer data |)" time="0"/>
  <testcase name="And In Credit Management page, textarea can input(| Credit Management | Accounting | a567 | 0 | Survey institute and information source | Index for accounting system | 帝国データ | 12 | Credit score number | 10 | Trading condition category | 通常取引 | Zip code of HQ | 111-1111 | Address of HQ " classname="And In Credit Management page, textarea can input(| Credit Management | Accounting | a567 | 0 | Survey institute and information source | Index for accounting system | 帝国データ | 12 | Credit score number | 10 | Trading condition category | 通常取引 | Zip code of HQ | 111-1111 | Address of HQ (all) | Tel. | 023-345-3212 | Fiscal closing month | 01月 | Business factors | Approve | Save successfully | Industry classification | New report | Approve | Input customer data | name1,name2 | Provider | Generate in input customer data |)" time="0"/>
  <testcase name="And In Credit Management page, I select tab have name is Business factors(| Credit Management | Accounting | a567 | 0 | Survey institute and information source | Index for accounting system | 帝国データ | 12 | Credit score number | 10 | Trading condition category | 通常取引 | Zip code of HQ | 111-1111 | Address of HQ " classname="And In Credit Management page, I select tab have name is Business factors(| Credit Management | Accounting | a567 | 0 | Survey institute and information source | Index for accounting system | 帝国データ | 12 | Credit score number | 10 | Trading condition category | 通常取引 | Zip code of HQ | 111-1111 | Address of HQ (all) | Tel. | 023-345-3212 | Fiscal closing month | 01月 | Business factors | Approve | Save successfully | Industry classification | New report | Approve | Input customer data | name1,name2 | Provider | Generate in input customer data |)" time="0"/>
  <testcase name="And In Credit Management page, I type in Zip code of HQ is 111-1111(| Credit Management | Accounting | a567 | 0 | Survey institute and information source | Index for accounting system | 帝国データ | 12 | Credit score number | 10 | Trading condition category | 通常取引 | Zip code of HQ | 111-1111 | Address of HQ " classname="And In Credit Management page, I type in Zip code of HQ is 111-1111(| Credit Management | Accounting | a567 | 0 | Survey institute and information source | Index for accounting system | 帝国データ | 12 | Credit score number | 10 | Trading condition category | 通常取引 | Zip code of HQ | 111-1111 | Address of HQ (all) | Tel. | 023-345-3212 | Fiscal closing month | 01月 | Business factors | Approve | Save successfully | Industry classification | New report | Approve | Input customer data | name1,name2 | Provider | Generate in input customer data |)" time="0"/>
  <testcase name="And In Credit Management page, I type in Address of HQ (all) is 111-1111(| Credit Management | Accounting | a567 | 0 | Survey institute and information source | Index for accounting system | 帝国データ | 12 | Credit score number | 10 | Trading condition category | 通常取引 | Zip code of HQ | 111-1111 | Address of HQ " classname="And In Credit Management page, I type in Address of HQ (all) is 111-1111(| Credit Management | Accounting | a567 | 0 | Survey institute and information source | Index for accounting system | 帝国データ | 12 | Credit score number | 10 | Trading condition category | 通常取引 | Zip code of HQ | 111-1111 | Address of HQ (all) | Tel. | 023-345-3212 | Fiscal closing month | 01月 | Business factors | Approve | Save successfully | Industry classification | New report | Approve | Input customer data | name1,name2 | Provider | Generate in input customer data |)" time="0"/>
  <testcase name="And In Credit Management page, I type in Tel. is 023-345-3212(| Credit Management | Accounting | a567 | 0 | Survey institute and information source | Index for accounting system | 帝国データ | 12 | Credit score number | 10 | Trading condition category | 通常取引 | Zip code of HQ | 111-1111 | Address of HQ " classname="And In Credit Management page, I type in Tel. is 023-345-3212(| Credit Management | Accounting | a567 | 0 | Survey institute and information source | Index for accounting system | 帝国データ | 12 | Credit score number | 10 | Trading condition category | 通常取引 | Zip code of HQ | 111-1111 | Address of HQ (all) | Tel. | 023-345-3212 | Fiscal closing month | 01月 | Business factors | Approve | Save successfully | Industry classification | New report | Approve | Input customer data | name1,name2 | Provider | Generate in input customer data |)" time="0"/>
  <testcase name="And In Credit Management page, I select in Fiscal closing month is 01月(| Credit Management | Accounting | a567 | 0 | Survey institute and information source | Index for accounting system | 帝国データ | 12 | Credit score number | 10 | Trading condition category | 通常取引 | Zip code of HQ | 111-1111 | Address of HQ " classname="And In Credit Management page, I select in Fiscal closing month is 01月(| Credit Management | Accounting | a567 | 0 | Survey institute and information source | Index for accounting system | 帝国データ | 12 | Credit score number | 10 | Trading condition category | 通常取引 | Zip code of HQ | 111-1111 | Address of HQ (all) | Tel. | 023-345-3212 | Fiscal closing month | 01月 | Business factors | Approve | Save successfully | Industry classification | New report | Approve | Input customer data | name1,name2 | Provider | Generate in input customer data |)" time="0"/>
  <testcase name="And In Credit Management page, fields not required can input(| Credit Management | Accounting | a567 | 0 | Survey institute and information source | Index for accounting system | 帝国データ | 12 | Credit score number | 10 | Trading condition category | 通常取引 | Zip code of HQ | 111-1111 | Address of HQ " classname="And In Credit Management page, fields not required can input(| Credit Management | Accounting | a567 | 0 | Survey institute and information source | Index for accounting system | 帝国データ | 12 | Credit score number | 10 | Trading condition category | 通常取引 | Zip code of HQ | 111-1111 | Address of HQ (all) | Tel. | 023-345-3212 | Fiscal closing month | 01月 | Business factors | Approve | Save successfully | Industry classification | New report | Approve | Input customer data | name1,name2 | Provider | Generate in input customer data |)" time="0"/>
  <testcase name="And In Credit Management page, fields not required can input(| Credit Management | Accounting | a567 | 0 | Survey institute and information source | Index for accounting system | 帝国データ | 12 | Credit score number | 10 | Trading condition category | 通常取引 | Zip code of HQ | 111-1111 | Address of HQ " classname="And In Credit Management page, fields not required can input(| Credit Management | Accounting | a567 | 0 | Survey institute and information source | Index for accounting system | 帝国データ | 12 | Credit score number | 10 | Trading condition category | 通常取引 | Zip code of HQ | 111-1111 | Address of HQ (all) | Tel. | 023-345-3212 | Fiscal closing month | 01月 | Business factors | Approve | Save successfully | Industry classification | New report | Approve | Input customer data | name1,name2 | Provider | Generate in input customer data |)" time="0"/>
  <testcase name="And In Credit Management page, I select tab have name is Industry classification(| Credit Management | Accounting | a567 | 0 | Survey institute and information source | Index for accounting system | 帝国データ | 12 | Credit score number | 10 | Trading condition category | 通常取引 | Zip code of HQ | 111-1111 | Address of HQ " classname="And In Credit Management page, I select tab have name is Industry classification(| Credit Management | Accounting | a567 | 0 | Survey institute and information source | Index for accounting system | 帝国データ | 12 | Credit score number | 10 | Trading condition category | 通常取引 | Zip code of HQ | 111-1111 | Address of HQ (all) | Tel. | 023-345-3212 | Fiscal closing month | 01月 | Business factors | Approve | Save successfully | Industry classification | New report | Approve | Input customer data | name1,name2 | Provider | Generate in input customer data |)" time="0"/>
  <testcase name="And In Credit Management page, fields required can input(| Credit Management | Accounting | a567 | 0 | Survey institute and information source | Index for accounting system | 帝国データ | 12 | Credit score number | 10 | Trading condition category | 通常取引 | Zip code of HQ | 111-1111 | Address of HQ " classname="And In Credit Management page, fields required can input(| Credit Management | Accounting | a567 | 0 | Survey institute and information source | Index for accounting system | 帝国データ | 12 | Credit score number | 10 | Trading condition category | 通常取引 | Zip code of HQ | 111-1111 | Address of HQ (all) | Tel. | 023-345-3212 | Fiscal closing month | 01月 | Business factors | Approve | Save successfully | Industry classification | New report | Approve | Input customer data | name1,name2 | Provider | Generate in input customer data |)" time="0"/>
  <testcase name="And In Credit Management page, I select tab have name is Input customer data(| Credit Management | Accounting | a567 | 0 | Survey institute and information source | Index for accounting system | 帝国データ | 12 | Credit score number | 10 | Trading condition category | 通常取引 | Zip code of HQ | 111-1111 | Address of HQ " classname="And In Credit Management page, I select tab have name is Input customer data(| Credit Management | Accounting | a567 | 0 | Survey institute and information source | Index for accounting system | 帝国データ | 12 | Credit score number | 10 | Trading condition category | 通常取引 | Zip code of HQ | 111-1111 | Address of HQ (all) | Tel. | 023-345-3212 | Fiscal closing month | 01月 | Business factors | Approve | Save successfully | Industry classification | New report | Approve | Input customer data | name1,name2 | Provider | Generate in input customer data |)" time="0"/>
  <testcase name="And In Credit Management page, I type name1,name2 in Input related company and choose type is Provider(| Credit Management | Accounting | a567 | 0 | Survey institute and information source | Index for accounting system | 帝国データ | 12 | Credit score number | 10 | Trading condition category | 通常取引 | Zip code of HQ | 111-1111 | Address of HQ " classname="And In Credit Management page, I type name1,name2 in Input related company and choose type is Provider(| Credit Management | Accounting | a567 | 0 | Survey institute and information source | Index for accounting system | 帝国データ | 12 | Credit score number | 10 | Trading condition category | 通常取引 | Zip code of HQ | 111-1111 | Address of HQ (all) | Tel. | 023-345-3212 | Fiscal closing month | 01月 | Business factors | Approve | Save successfully | Industry classification | New report | Approve | Input customer data | name1,name2 | Provider | Generate in input customer data |)" time="0"/>
  <testcase name="And In Credit Management page, I click button Generate in input customer data(| Credit Management | Accounting | a567 | 0 | Survey institute and information source | Index for accounting system | 帝国データ | 12 | Credit score number | 10 | Trading condition category | 通常取引 | Zip code of HQ | 111-1111 | Address of HQ " classname="And In Credit Management page, I click button Generate in input customer data(| Credit Management | Accounting | a567 | 0 | Survey institute and information source | Index for accounting system | 帝国データ | 12 | Credit score number | 10 | Trading condition category | 通常取引 | Zip code of HQ | 111-1111 | Address of HQ (all) | Tel. | 023-345-3212 | Fiscal closing month | 01月 | Business factors | Approve | Save successfully | Industry classification | New report | Approve | Input customer data | name1,name2 | Provider | Generate in input customer data |)" time="0"/>
  <testcase name="And In Credit Management page, I click button Approve(| Credit Management | Accounting | a567 | 0 | Survey institute and information source | Index for accounting system | 帝国データ | 12 | Credit score number | 10 | Trading condition category | 通常取引 | Zip code of HQ | 111-1111 | Address of HQ " classname="And In Credit Management page, I click button Approve(| Credit Management | Accounting | a567 | 0 | Survey institute and information source | Index for accounting system | 帝国データ | 12 | Credit score number | 10 | Trading condition category | 通常取引 | Zip code of HQ | 111-1111 | Address of HQ (all) | Tel. | 023-345-3212 | Fiscal closing month | 01月 | Business factors | Approve | Save successfully | Industry classification | New report | Approve | Input customer data | name1,name2 | Provider | Generate in input customer data |)" time="0"/>
  <testcase name="And In Credit Management page, I confirm action(| Credit Management | Accounting | a567 | 0 | Survey institute and information source | Index for accounting system | 帝国データ | 12 | Credit score number | 10 | Trading condition category | 通常取引 | Zip code of HQ | 111-1111 | Address of HQ " classname="And In Credit Management page, I confirm action(| Credit Management | Accounting | a567 | 0 | Survey institute and information source | Index for accounting system | 帝国データ | 12 | Credit score number | 10 | Trading condition category | 通常取引 | Zip code of HQ | 111-1111 | Address of HQ (all) | Tel. | 023-345-3212 | Fiscal closing month | 01月 | Business factors | Approve | Save successfully | Industry classification | New report | Approve | Input customer data | name1,name2 | Provider | Generate in input customer data |)" time="0"/>
  <testcase name="Then In Credit Management page, System show message Save successfully(| Credit Management | Accounting | a567 | 0 | Survey institute and information source | Index for accounting system | 帝国データ | 12 | Credit score number | 10 | Trading condition category | 通常取引 | Zip code of HQ | 111-1111 | Address of HQ " classname="Then In Credit Management page, System show message Save successfully(| Credit Management | Accounting | a567 | 0 | Survey institute and information source | Index for accounting system | 帝国データ | 12 | Credit score number | 10 | Trading condition category | 通常取引 | Zip code of HQ | 111-1111 | Address of HQ (all) | Tel. | 023-345-3212 | Fiscal closing month | 01月 | Business factors | Approve | Save successfully | Industry classification | New report | Approve | Input customer data | name1,name2 | Provider | Generate in input customer data |)" time="0"/>
  <testcase name="| Credit Management | Accounting | a567 | 0 | Survey institute and information source | Index for accounting system | 帝国データ | 12 | Credit score number | 10 | Trading condition category | 通常取引 | Zip code of HQ | 111-1111 | Address of HQ " classname="| Credit Management | Accounting | a567 | 0 | Survey institute and information source | Index for accounting system | 帝国データ | 12 | Credit score number | 10 | Trading condition category | 通常取引 | Zip code of HQ | 111-1111 | Address of HQ (all) | Tel. | 023-345-3212 | Fiscal closing month | 01月 | Business factors | Approve | Save successfully | Industry classification | New report | Approve | Input customer data | name1,name2 | Provider | Generate in input customer data |" time="1.892"/>
</testsuite>