<?xml version="1.0" encoding="UTF-8"?>
<testsuite name="my.lib.serenity.primefaces.sars.features.bassExport.BassExportFeature" time="6.877" tests="62" errors="0" skipped="0" failures="0">
  <properties>
    <property name="java.runtime.name" value="Java(TM) SE Runtime Environment"/>
    <property name="sun.boot.library.path" value="/usr/lib/jvm/java-8-oracle/jre/lib/amd64"/>
    <property name="java.vm.version" value="25.66-b17"/>
    <property name="java.vm.vendor" value="Oracle Corporation"/>
    <property name="maven.multiModuleProjectDirectory" value="/home/ngoc/Working/Project/serenity-primefaces"/>
    <property name="java.vendor.url" value="http://java.oracle.com/"/>
    <property name="path.separator" value=":"/>
    <property name="guice.disable.misplaced.annotation.check" value="true"/>
    <property name="java.vm.name" value="Java HotSpot(TM) 64-Bit Server VM"/>
    <property name="file.encoding.pkg" value="sun.io"/>
    <property name="user.country" value="US"/>
    <property name="sun.java.launcher" value="SUN_STANDARD"/>
    <property name="sun.os.patch.level" value="unknown"/>
    <property name="java.vm.specification.name" value="Java Virtual Machine Specification"/>
    <property name="user.dir" value="/home/ngoc/Working/Project/serenity-primefaces"/>
    <property name="java.runtime.version" value="1.8.0_66-b17"/>
    <property name="java.awt.graphicsenv" value="sun.awt.X11GraphicsEnvironment"/>
    <property name="java.endorsed.dirs" value="/usr/lib/jvm/java-8-oracle/jre/lib/endorsed"/>
    <property name="os.arch" value="amd64"/>
    <property name="java.io.tmpdir" value="/tmp"/>
    <property name="line.separator" value="&#10;"/>
    <property name="java.vm.specification.vendor" value="Oracle Corporation"/>
    <property name="os.name" value="Linux"/>
    <property name="classworlds.conf" value="/usr/share/maven3/bin/m2.conf"/>
    <property name="sun.jnu.encoding" value="UTF-8"/>
    <property name="java.library.path" value="/usr/java/packages/lib/amd64:/usr/lib64:/lib64:/lib:/usr/lib"/>
    <property name="java.specification.name" value="Java Platform API Specification"/>
    <property name="java.class.version" value="52.0"/>
    <property name="sun.management.compiler" value="HotSpot 64-Bit Tiered Compilers"/>
    <property name="os.version" value="3.19.0-42-generic"/>
    <property name="user.home" value="/home/ngoc"/>
    <property name="user.timezone" value="Asia/Ho_Chi_Minh"/>
    <property name="java.awt.printerjob" value="sun.print.PSPrinterJob"/>
    <property name="file.encoding" value="UTF-8"/>
    <property name="java.specification.version" value="1.8"/>
    <property name="user.name" value="ngoc"/>
    <property name="java.class.path" value="/usr/share/maven3/boot/plexus-classworlds-2.5.2.jar"/>
    <property name="java.vm.specification.version" value="1.8"/>
    <property name="sun.arch.data.model" value="64"/>
    <property name="java.home" value="/usr/lib/jvm/java-8-oracle/jre"/>
    <property name="sun.java.command" value="org.codehaus.plexus.classworlds.launcher.Launcher verify"/>
    <property name="java.specification.vendor" value="Oracle Corporation"/>
    <property name="user.language" value="en"/>
    <property name="awt.toolkit" value="sun.awt.X11.XToolkit"/>
    <property name="java.vm.info" value="mixed mode"/>
    <property name="java.version" value="1.8.0_66"/>
    <property name="java.ext.dirs" value="/usr/lib/jvm/java-8-oracle/jre/lib/ext:/usr/java/packages/lib/ext"/>
    <property name="securerandom.source" value="file:/dev/./urandom"/>
    <property name="sun.boot.class.path" value="/usr/lib/jvm/java-8-oracle/jre/lib/resources.jar:/usr/lib/jvm/java-8-oracle/jre/lib/rt.jar:/usr/lib/jvm/java-8-oracle/jre/lib/sunrsasign.jar:/usr/lib/jvm/java-8-oracle/jre/lib/jsse.jar:/usr/lib/jvm/java-8-oracle/jre/lib/jce.jar:/usr/lib/jvm/java-8-oracle/jre/lib/charsets.jar:/usr/lib/jvm/java-8-oracle/jre/lib/jfr.jar:/usr/lib/jvm/java-8-oracle/jre/classes"/>
    <property name="java.vendor" value="Oracle Corporation"/>
    <property name="maven.home" value="/usr/share/maven3"/>
    <property name="file.separator" value="/"/>
    <property name="java.vendor.url.bug" value="http://bugreport.sun.com/bugreport/"/>
    <property name="sun.cpu.endian" value="little"/>
    <property name="sun.io.unicode.encoding" value="UnicodeLittle"/>
    <property name="sun.desktop" value="gnome"/>
    <property name="sun.cpu.isalist" value=""/>
  </properties>
  <testcase name="When I open submenu BASS Export of parent menu Import/Export" classname="| BASS Export | Import/Export | BASS Export | Export | Files Exported | Download all | Download location: | Copy | Edit |" time="0"/>
  <testcase name="Then The system should open &apos;BASS Export&apos; page" classname="| BASS Export | Import/Export | BASS Export | Export | Files Exported | Download all | Download location: | Copy | Edit |" time="0"/>
  <testcase name="And In Bass export screen, System show button Export" classname="| BASS Export | Import/Export | BASS Export | Export | Files Exported | Download all | Download location: | Copy | Edit |" time="0.001"/>
  <testcase name="When In Bass export screen, I click button Export" classname="| BASS Export | Import/Export | BASS Export | Export | Files Exported | Download all | Download location: | Copy | Edit |" time="0"/>
  <testcase name="Then System show table Files Exported with 6 download link" classname="| BASS Export | Import/Export | BASS Export | Export | Files Exported | Download all | Download location: | Copy | Edit |" time="0"/>
  <testcase name="And In Bass export screen, System show button Download all" classname="| BASS Export | Import/Export | BASS Export | Export | Files Exported | Download all | Download location: | Copy | Edit |" time="0"/>
  <testcase name="And System show downloaded location Download location: and can not edit" classname="| BASS Export | Import/Export | BASS Export | Export | Files Exported | Download all | Download location: | Copy | Edit |" time="0"/>
  <testcase name="And In Bass export screen, System show button Copy" classname="| BASS Export | Import/Export | BASS Export | Export | Files Exported | Download all | Download location: | Copy | Edit |" time="0"/>
  <testcase name="And In Bass export screen, System show button Edit" classname="| BASS Export | Import/Export | BASS Export | Export | Files Exported | Download all | Download location: | Copy | Edit |" time="0"/>
  <testcase name="| BASS Export | Import/Export | BASS Export | Export | Files Exported | Download all | Download location: | Copy | Edit |" classname="| BASS Export | Import/Export | BASS Export | Export | Files Exported | Download all | Download location: | Copy | Edit |" time="1.32"/>
  <testcase name="When I open submenu BASS Export of parent menu Import/Export" classname="| BASS Export | Import/Export | Download location: | Edit | Save | Cancel | Export | !@#$% |" time="0"/>
  <testcase name="When I open submenu BASS Export of parent menu Import/Export" classname="| BASS Export | Import/Export | Download location: | Edit | Save | Cancel | Export | !@#$% |" time="0"/>
  <testcase name="And In Bass export screen, I click button Export" classname="| BASS Export | Import/Export | Download location: | Edit | Save | Cancel | Export | !@#$% |" time="0"/>
  <testcase name="And In Bass export screen, I click button Export" classname="| BASS Export | Import/Export | Download location: | Edit | Save | Cancel | Export | !@#$% |" time="0"/>
  <testcase name="And In Bass export screen, I click button Edit" classname="| BASS Export | Import/Export | Download location: | Edit | Save | Cancel | Export | !@#$% |" time="0"/>
  <testcase name="And In Bass export screen, I click button Edit" classname="| BASS Export | Import/Export | Download location: | Edit | Save | Cancel | Export | !@#$% |" time="0"/>
  <testcase name="Then In Bass export screen, System show button Save" classname="| BASS Export | Import/Export | Download location: | Edit | Save | Cancel | Export | !@#$% |" time="0"/>
  <testcase name="And In Bass export screen, System show button Cancel" classname="| BASS Export | Import/Export | Download location: | Edit | Save | Cancel | Export | !@#$% |" time="0"/>
  <testcase name="And System hide button Edit" classname="| BASS Export | Import/Export | Download location: | Edit | Save | Cancel | Export | !@#$% |" time="0"/>
  <testcase name="And System show downloaded location Download location: and can edit" classname="| BASS Export | Import/Export | Download location: | Edit | Save | Cancel | Export | !@#$% |" time="0"/>
  <testcase name="When In Bass export screen, I click button Cancel" classname="| BASS Export | Import/Export | Download location: | Edit | Save | Cancel | Export | !@#$% |" time="0"/>
  <testcase name="Then In Bass export screen, System show button Edit" classname="| BASS Export | Import/Export | Download location: | Edit | Save | Cancel | Export | !@#$% |" time="0"/>
  <testcase name="Then In Bass export screen, System show button Edit" classname="| BASS Export | Import/Export | Download location: | Edit | Save | Cancel | Export | !@#$% |" time="0"/>
  <testcase name="Then In Bass export screen, System show button Edit" classname="| BASS Export | Import/Export | Download location: | Edit | Save | Cancel | Export | !@#$% |" time="0"/>
  <testcase name="And System hide button Save" classname="| BASS Export | Import/Export | Download location: | Edit | Save | Cancel | Export | !@#$% |" time="0"/>
  <testcase name="And System hide button Save" classname="| BASS Export | Import/Export | Download location: | Edit | Save | Cancel | Export | !@#$% |" time="0"/>
  <testcase name="And System hide button Save" classname="| BASS Export | Import/Export | Download location: | Edit | Save | Cancel | Export | !@#$% |" time="0"/>
  <testcase name="And System hide button Cancel" classname="| BASS Export | Import/Export | Download location: | Edit | Save | Cancel | Export | !@#$% |" time="0"/>
  <testcase name="And System hide button Cancel" classname="| BASS Export | Import/Export | Download location: | Edit | Save | Cancel | Export | !@#$% |" time="0"/>
  <testcase name="And System hide button Cancel" classname="| BASS Export | Import/Export | Download location: | Edit | Save | Cancel | Export | !@#$% |" time="0"/>
  <testcase name="And System show downloaded location Download location: and can not edit" classname="| BASS Export | Import/Export | Download location: | Edit | Save | Cancel | Export | !@#$% |" time="0"/>
  <testcase name="And System show downloaded location Download location: and can not edit" classname="| BASS Export | Import/Export | Download location: | Edit | Save | Cancel | Export | !@#$% |" time="0"/>
  <testcase name="And System show downloaded location Download location: and can not edit" classname="| BASS Export | Import/Export | Download location: | Edit | Save | Cancel | Export | !@#$% |" time="0"/>
  <testcase name="When In Bass export screen, I click button Edit" classname="| BASS Export | Import/Export | Download location: | Edit | Save | Cancel | Export | !@#$% |" time="0"/>
  <testcase name="And In Bass export screen, I click button Save" classname="| BASS Export | Import/Export | Download location: | Edit | Save | Cancel | Export | !@#$% |" time="0"/>
  <testcase name="And I save path in download location to new variable" classname="| BASS Export | Import/Export | Download location: | Edit | Save | Cancel | Export | !@#$% |" time="0"/>
  <testcase name="And I type !@#$% in downloaded location" classname="| BASS Export | Import/Export | Download location: | Edit | Save | Cancel | Export | !@#$% |" time="0"/>
  <testcase name="And In Bass export screen, I click button Cancel" classname="| BASS Export | Import/Export | Download location: | Edit | Save | Cancel | Export | !@#$% |" time="0"/>
  <testcase name="And System show downloaded location with old path" classname="| BASS Export | Import/Export | Download location: | Edit | Save | Cancel | Export | !@#$% |" time="0"/>
  <testcase name="| BASS Export | Import/Export | Download location: | Edit | Save | Cancel | Export | !@#$% |" classname="| BASS Export | Import/Export | Download location: | Edit | Save | Cancel | Export | !@#$% |" time="1.42"/>
  <testcase name="When I open submenu BASS Export of parent menu Import/Export" classname="| BASS Export | Import/Export | Download location: | Edit | Save | Cancel | Export | var/sars/bass |" time="0"/>
  <testcase name="And In Bass export screen, I click button Export" classname="| BASS Export | Import/Export | Download location: | Edit | Save | Cancel | Export | var/sars/bass |" time="0"/>
  <testcase name="And In Bass export screen, I click button Edit" classname="| BASS Export | Import/Export | Download location: | Edit | Save | Cancel | Export | var/sars/bass |" time="0"/>
  <testcase name="And I save path in download location to new variable" classname="| BASS Export | Import/Export | Download location: | Edit | Save | Cancel | Export | var/sars/bass |" time="0"/>
  <testcase name="And I type var/sars/bass in downloaded location" classname="| BASS Export | Import/Export | Download location: | Edit | Save | Cancel | Export | var/sars/bass |" time="0"/>
  <testcase name="And In Bass export screen, I click button Save" classname="| BASS Export | Import/Export | Download location: | Edit | Save | Cancel | Export | var/sars/bass |" time="0"/>
  <testcase name="Then In Bass export screen, System show button Edit" classname="| BASS Export | Import/Export | Download location: | Edit | Save | Cancel | Export | var/sars/bass |" time="0"/>
  <testcase name="And System hide button Save" classname="| BASS Export | Import/Export | Download location: | Edit | Save | Cancel | Export | var/sars/bass |" time="0"/>
  <testcase name="And System hide button Cancel" classname="| BASS Export | Import/Export | Download location: | Edit | Save | Cancel | Export | var/sars/bass |" time="0"/>
  <testcase name="And System show downloaded location Download location: and can not edit" classname="| BASS Export | Import/Export | Download location: | Edit | Save | Cancel | Export | var/sars/bass |" time="0"/>
  <testcase name="And System show downloaded location with new path var/sars/bass" classname="| BASS Export | Import/Export | Download location: | Edit | Save | Cancel | Export | var/sars/bass |" time="0"/>
  <testcase name="| BASS Export | Import/Export | Download location: | Edit | Save | Cancel | Export | var/sars/bass |" classname="| BASS Export | Import/Export | Download location: | Edit | Save | Cancel | Export | var/sars/bass |" time="1.352"/>
  <testcase name="When I open submenu BASS Export of parent menu Import/Export" classname="| BASS Export | Import/Export | Export | Copy |" time="0"/>
  <testcase name="And In Bass export screen, I click button Export" classname="| BASS Export | Import/Export | Export | Copy |" time="0"/>
  <testcase name="And In Bass export screen, I click button Copy" classname="| BASS Export | Import/Export | Export | Copy |" time="0"/>
  <testcase name="Then System copy value in download location in clipboard" classname="| BASS Export | Import/Export | Export | Copy |" time="0"/>
  <testcase name="| BASS Export | Import/Export | Export | Copy |" classname="| BASS Export | Import/Export | Export | Copy |" time="1.413"/>
  <testcase name="When I open submenu BASS Export of parent menu Import/Export" classname="| BASS Export | Import/Export | Export |" time="0"/>
  <testcase name="And In Bass export screen, I click button Export" classname="| BASS Export | Import/Export | Export |" time="0"/>
  <testcase name="And I create all link download by API" classname="| BASS Export | Import/Export | Export |" time="0"/>
  <testcase name="Then System show link can download" classname="| BASS Export | Import/Export | Export |" time="0"/>
  <testcase name="| BASS Export | Import/Export | Export |" classname="| BASS Export | Import/Export | Export |" time="1.371"/>
</testsuite>